#
# A fatal error has been detected by the Java Runtime Environment:
#
#  SIGSEGV (0xb) at pc=0x0000000108b02049, pid=567, tid=0x0000000000006303
#
# JRE version: Java(TM) SE Runtime Environment (8.0_141-b15) (build 1.8.0_141-b15)
# Java VM: Java HotSpot(TM) 64-Bit Server VM (25.141-b15 mixed mode bsd-amd64 compressed oops)
# Problematic frame:
# V  [libjvm.dylib+0x1aa049]  oopDesc::size()+0x2d
#
# Failed to write core dump. Core dumps have been disabled. To enable core dumping, try "ulimit -c unlimited" before starting Java again
#
# If you would like to submit a bug report, please visit:
#   http://bugreport.java.com/bugreport/crash.jsp
#

---------------  T H R E A D  ---------------

Current thread (0x00007fcb5201a800):  GCTaskThread [stack: 0x00007000009b8000,0x0000700000ab8000] [id=25347]

siginfo: si_signo: 11 (SIGSEGV), si_code: 1 (SEGV_MAPERR), si_addr: 0x0000000003200378

Registers:
RAX=0x0000000109197b20, RBX=0x00000007811000c8, RCX=0x000000010917c403, RDX=0x00007fcb5163a401
RSP=0x0000700000ab7450, RBP=0x0000700000ab7450, RSI=0x00000007811000c8, RDI=0x0000000003200370
R8 =0x0000000000220005, R9 =0x0000000000220000, R10=0x0000000000220040, R11=0x0080220002000002
R12=0x00000007811000c8, R13=0x0000000109229510, R14=0x00007fcb5163a440, R15=0x0000000109197b20
RIP=0x0000000108b02049, EFLAGS=0x0000000000010202, ERR=0x0000000000000004
  TRAPNO=0x000000000000000e

Top of Stack: (sp=0x0000700000ab7450)
0x0000700000ab7450:   0000700000ab7470 0000000108bc61e2
0x0000700000ab7460:   0000000781100200 00007fcb5163a4a8
0x0000700000ab7470:   0000700000ab74c0 0000000108ba8421
0x0000700000ab7480:   0000000781158200 0000000781100200
0x0000700000ab7490:   0000000000008801 0000700000ab7548
0x0000700000ab74a0:   0000000781158200 00007fcb5163a440
0x0000700000ab74b0:   0000000781158200 0000000000000040
0x0000700000ab74c0:   0000700000ab7510 0000000108e5bfc9
0x0000700000ab74d0:   0000700000ab74d8 000000010917b500
0x0000700000ab74e0:   0000000780e09200 0000000000000040
0x0000700000ab74f0:   00007fcb5163a440 0000000781158200
0x0000700000ab7500:   0000000000008ac1 0000700000ab76e8
0x0000700000ab7510:   0000700000ab75d0 0000000108bc48ab
0x0000700000ab7520:   0000700000ab7528 0000000781158200
0x0000700000ab7530:   0000000000000040 0000000781100000
0x0000700000ab7540:   000000000000e212 0000000109229380
0x0000700000ab7550:   0000700000ab78d0 00007fcb5163a440
0x0000700000ab7560:   0000700000000000 0000000000000000
0x0000700000ab7570:   0000000000000000 00007fcb5163a440
0x0000700000ab7580:   0000700000ab78d0 00007fcb52013400
0x0000700000ab7590:   0000000781158200 0000000000000040
0x0000700000ab75a0:   0000000781158200 0000000000000040
0x0000700000ab75b0:   0000700000ab76e8 0000000000000000
0x0000700000ab75c0:   00007fcb51547560 0000000000000012
0x0000700000ab75d0:   0000700000ab76a0 0000000108bc476e
0x0000700000ab75e0:   0000700000ab7718 00007fcb51547370
0x0000700000ab75f0:   0000000000008ac1 00007fcb51547560
0x0000700000ab7600:   00007fcb51547608 00007fcb51633b20
0x0000700000ab7610:   00007fcb52013400 0000000000000000
0x0000700000ab7620:   0000000000000000 0000000000000013
0x0000700000ab7630:   00007fcb00000000 0000000109260bc0
0x0000700000ab7640:   00007000ffffffff 00000000000007ff 

Instructions: (pc=0x0000000108b02049)
0x0000000108b02029:   84 d2 48 89 fe 74 15 48 8d 05 e9 5a 69 00 8a 48
0x0000000108b02039:   08 8b 7e 08 48 d3 e7 48 03 38 eb 04 48 8b 7e 08
0x0000000108b02049:   8b 47 08 85 c0 7e 09 a8 01 75 4e c1 f8 03 eb 47
0x0000000108b02059:   85 c0 7f 43 85 c0 79 41 84 d2 0f 94 c1 0f b6 c9 

Register to memory mapping:

RAX=0x0000000109197b20: _ZN8Universe13_narrow_klassE+0 in /Library/Java/JavaVirtualMachines/jdk1.8.0_141.jdk/Contents/Home/jre//lib/server/libjvm.dylib at 0x0000000108958000
RBX=0x00000007811000c8 is an oop
[C 
 - klass: {type array char}
 - length: 17
RCX=0x000000010917c403: CONST_InlineArrayCopy+0 in /Library/Java/JavaVirtualMachines/jdk1.8.0_141.jdk/Contents/Home/jre//lib/server/libjvm.dylib at 0x0000000108958000
RDX=0x00007fcb5163a401 is an unknown value
RSP=0x0000700000ab7450 is an unknown value
RBP=0x0000700000ab7450 is an unknown value
RSI=0x00000007811000c8 is an oop
[C 
 - klass: {type array char}
 - length: 17
RDI=0x0000000003200370 is an unknown value
R8 =0x0000000000220005 is an unknown value
R9 =0x0000000000220000 is an unknown value
R10=0x0000000000220040 is an unknown value
R11=0x0080220002000002 is an unknown value
R12=0x00000007811000c8 is an oop
[C 
 - klass: {type array char}
 - length: 17
R13=0x0000000109229510: _ZTV10HeapRegion+0x10 in /Library/Java/JavaVirtualMachines/jdk1.8.0_141.jdk/Contents/Home/jre//lib/server/libjvm.dylib at 0x0000000108958000
R14=0x00007fcb5163a440 is an unknown value
R15=0x0000000109197b20: _ZN8Universe13_narrow_klassE+0 in /Library/Java/JavaVirtualMachines/jdk1.8.0_141.jdk/Contents/Home/jre//lib/server/libjvm.dylib at 0x0000000108958000


Stack: [0x00007000009b8000,0x0000700000ab8000],  sp=0x0000700000ab7450,  free space=1021k
Native frames: (J=compiled Java code, j=interpreted, Vv=VM code, C=native code)
V  [libjvm.dylib+0x1aa049]  oopDesc::size()+0x2d
V  [libjvm.dylib+0x26e1e2]  HeapRegion::block_size(HeapWord const*) const+0x3e
V  [libjvm.dylib+0x250421]  G1BlockOffsetArray::forward_to_block_containing_addr_slow(HeapWord*, HeapWord*, void const*)+0xc9
V  [libjvm.dylib+0x503fc9]  DirtyCardToOopClosure::do_MemRegion(MemRegion)+0x59
V  [libjvm.dylib+0x26c8ab]  ScanRSClosure::scanCard(unsigned long, HeapRegion*)+0xed
V  [libjvm.dylib+0x26c76e]  ScanRSClosure::doHeapRegion(HeapRegion*)+0x132
V  [libjvm.dylib+0x251519]  G1CollectedHeap::collection_set_iterate_from(HeapRegion*, HeapRegionClosure*)+0x2b
V  [libjvm.dylib+0x26c1c1]  G1RemSet::scanRS(G1ParPushHeapRSClosure*, CodeBlobClosure*, unsigned int)+0xbf
V  [libjvm.dylib+0x26c2ae]  G1RemSet::oops_into_collection_set_do(G1ParPushHeapRSClosure*, CodeBlobClosure*, unsigned int)+0x74
V  [libjvm.dylib+0x26ec23]  G1RootProcessor::scan_remembered_sets(G1ParPushHeapRSClosure*, OopClosure*, unsigned int)+0x95
V  [libjvm.dylib+0x25d6f2]  G1ParTask::work(unsigned int)+0x3e4
V  [libjvm.dylib+0x5c9a19]  GangWorker::loop()+0x73
V  [libjvm.dylib+0x48baee]  java_start(Thread*)+0xf6
C  [libsystem_pthread.dylib+0x399d]  _pthread_body+0x83
C  [libsystem_pthread.dylib+0x391a]  _pthread_body+0x0
C  [libsystem_pthread.dylib+0x1351]  thread_start+0xd


---------------  P R O C E S S  ---------------

Java Threads: ( => current thread )
  0x00007fcb539d0800 JavaThread "Recommenders-Bus-Thread-17" daemon [_thread_blocked, id=99455, stack(0x0000700004478000,0x0000700004578000)]
  0x00007fcb55ac1000 JavaThread "Recommenders-Bus-Thread-16" daemon [_thread_blocked, id=42127, stack(0x0000700004375000,0x0000700004475000)]
  0x00007fcb56bc3000 JavaThread "Recommenders-Bus-Thread-15" daemon [_thread_blocked, id=107319, stack(0x00007000040e9000,0x00007000041e9000)]
  0x00007fcb56d16800 JavaThread "Recommenders-Bus-Thread-14" daemon [_thread_blocked, id=101199, stack(0x00007000046fb000,0x00007000047fb000)]
  0x00007fcb5fb4d800 JavaThread "Recommenders-Timeout-Manager" [_thread_blocked, id=105987, stack(0x0000700003de3000,0x0000700003ee3000)]
  0x00007fcb54c79800 JavaThread "Timer-0" daemon [_thread_blocked, id=81251, stack(0x0000700003c5d000,0x0000700003d5d000)]
  0x00007fcb52e3a800 JavaThread "com.google.inject.internal.util.$Finalizer" daemon [_thread_blocked, id=86603, stack(0x0000700003b5a000,0x0000700003c5a000)]
  0x00007fcb541c6000 JavaThread "org.eclipse.jdt.internal.ui.text.JavaReconciler" daemon [_thread_blocked, id=77367, stack(0x0000700003a57000,0x0000700003b57000)]
  0x00007fcb520ba800 JavaThread "org.eclipse.jdt.internal.ui.text.JavaReconciler" daemon [_thread_blocked, id=53595, stack(0x0000700003954000,0x0000700003a54000)]
  0x00007fcb58137000 JavaThread "org.eclipse.jdt.internal.ui.text.JavaReconciler" daemon [_thread_blocked, id=59687, stack(0x0000700003033000,0x0000700003133000)]
  0x00007fcb5842e000 JavaThread "Worker-22" [_thread_blocked, id=87379, stack(0x0000700003851000,0x0000700003951000)]
  0x00007fcb56b28800 JavaThread "Dali Event Handler" [_thread_blocked, id=71483, stack(0x000070000374e000,0x000070000384e000)]
  0x00007fcb58e47800 JavaThread "Worker-21" [_thread_blocked, id=88131, stack(0x00007000033c2000,0x00007000034c2000)]
  0x00007fcb59840000 JavaThread "Worker-20" [_thread_blocked, id=51787, stack(0x00007000034c5000,0x00007000035c5000)]
  0x00007fcb51b19000 JavaThread "Worker-19" [_thread_blocked, id=41759, stack(0x0000700003136000,0x0000700003236000)]
  0x00007fcb538e8000 JavaThread "Worker-17" [_thread_blocked, id=55819, stack(0x0000700000014000,0x0000700000114000)]
  0x00007fcb56d64800 JavaThread "Provisioning Event Dispatcher" daemon [_thread_blocked, id=96559, stack(0x00007000045f8000,0x00007000046f8000)]
  0x00007fcb580c8800 JavaThread "Thread-9" [_thread_blocked, id=86287, stack(0x0000700003fe6000,0x00007000040e6000)]
  0x00007fcb58874000 JavaThread "EventAdmin Async Event Dispatcher Thread" daemon [_thread_blocked, id=70663, stack(0x000070000011a000,0x000070000021a000)]
  0x00007fcb52d2a800 JavaThread "JavaScript indexing" daemon [_thread_blocked, id=18195, stack(0x0000700002ead000,0x0000700002fad000)]
  0x00007fcb51ac4000 JavaThread "Java indexing" daemon [_thread_blocked, id=77835, stack(0x0000700002daa000,0x0000700002eaa000)]
  0x00007fcb52eb1000 JavaThread "Bundle File Closer" daemon [_thread_blocked, id=57095, stack(0x0000700002b21000,0x0000700002c21000)]
  0x00007fcb540ff800 JavaThread "Worker-0" [_thread_blocked, id=75011, stack(0x0000700002ca7000,0x0000700002da7000)]
  0x00007fcb542d9800 JavaThread "EMF Reference Cleaner" daemon [_thread_blocked, id=56579, stack(0x0000700002a1e000,0x0000700002b1e000)]
  0x00007fcb542bf000 JavaThread "Worker-JM" [_thread_blocked, id=53767, stack(0x000070000291b000,0x0000700002a1b000)]
  0x00007fcb54313000 JavaThread "SCR Component Actor" daemon [_thread_blocked, id=56075, stack(0x0000700002818000,0x0000700002918000)]
  0x00007fcb5423a800 JavaThread "Framework Event Dispatcher: org.eclipse.osgi.internal.framework.EquinoxEventPublisher@4c19d42e" daemon [_thread_blocked, id=55043, stack(0x0000700002715000,0x0000700002815000)]
  0x00007fcb52a0d800 JavaThread "Start Level: Equinox Container: a78821fa-cb1e-47bd-aaad-677cfb7d7e01" daemon [_thread_blocked, id=54531, stack(0x0000700002612000,0x0000700002712000)]
  0x00007fcb5414c000 JavaThread "Active Thread: Equinox Container: a78821fa-cb1e-47bd-aaad-677cfb7d7e01" [_thread_blocked, id=54283, stack(0x000070000250f000,0x000070000260f000)]
  0x00007fcb528c2800 JavaThread "Service Thread" daemon [_thread_blocked, id=37635, stack(0x00007000020fd000,0x00007000021fd000)]
  0x00007fcb52081800 JavaThread "C1 CompilerThread3" daemon [_thread_blocked, id=37123, stack(0x0000700001ffa000,0x00007000020fa000)]
  0x00007fcb51899000 JavaThread "C2 CompilerThread2" daemon [_thread_blocked, id=36611, stack(0x0000700001ef7000,0x0000700001ff7000)]
  0x00007fcb54012800 JavaThread "C2 CompilerThread1" daemon [_thread_blocked, id=36099, stack(0x0000700001df4000,0x0000700001ef4000)]
  0x00007fcb52892000 JavaThread "C2 CompilerThread0" daemon [_thread_blocked, id=35587, stack(0x0000700001cf1000,0x0000700001df1000)]
  0x00007fcb52891000 JavaThread "Signal Dispatcher" daemon [_thread_blocked, id=35075, stack(0x0000700001bee000,0x0000700001cee000)]
  0x00007fcb51805800 JavaThread "Surrogate Locker Thread (Concurrent GC)" daemon [_thread_blocked, id=34055, stack(0x0000700001aeb000,0x0000700001beb000)]
  0x00007fcb5288e800 JavaThread "Finalizer" daemon [_thread_blocked, id=33539, stack(0x00007000019e8000,0x0000700001ae8000)]
  0x00007fcb54010800 JavaThread "Reference Handler" daemon [_thread_blocked, id=33027, stack(0x00007000018e5000,0x00007000019e5000)]
  0x00007fcb5180e000 JavaThread "main" [_thread_blocked, id=5643, stack(0x00007fff5a5e8000,0x00007fff5ade8000)]

Other Threads:
  0x00007fcb5400b800 VMThread [stack: 0x00007000017e2000,0x00007000018e2000] [id=32515]
  0x00007fcb528c4000 WatcherThread [stack: 0x0000700002200000,0x0000700002300000] [id=38147]

=>0x00007fcb5201a800 (exited) GCTaskThread [stack: 0x00007000009b8000,0x0000700000ab8000] [id=25347]

VM state:at safepoint (normal execution)

VM Mutex/Monitor currently owned by a thread:  ([mutex/lock_event])
[0x00007fcb5320e7e0] Threads_lock - owner thread: 0x00007fcb5400b800
[0x00007fcb5320ece0] Heap_lock - owner thread: 0x00007fcb5180e000

Heap:
 garbage-first heap   total 262144K, used 145920K [0x0000000780000000, 0x0000000780100800, 0x00000007c0000000)
  region size 1024K, 12 young (12288K), 2 survivors (2048K)
 Metaspace       used 145441K, capacity 160388K, committed 160764K, reserved 1187840K
  class space    used 17760K, capacity 21884K, committed 22012K, reserved 1048576K

Heap Regions: (Y=young(eden), SU=young(survivor), HS=humongous(starts), HC=humongous(continues), CS=collection set, F=free, TS=gc time stamp, PTAMS=previous top-at-mark-start, NTAMS=next top-at-mark-start)
AC   0  O    TS     0 PTAMS 0x0000000780100000 NTAMS 0x0000000780100000 space 1024K, 100% used [0x0000000780000000, 0x0000000780100000)
AC   0  O    TS     0 PTAMS 0x0000000780200000 NTAMS 0x0000000780200000 space 1024K, 100% used [0x0000000780100000, 0x0000000780200000)
AC   0  O    TS     0 PTAMS 0x0000000780300000 NTAMS 0x0000000780300000 space 1024K, 100% used [0x0000000780200000, 0x0000000780300000)
AC   0  O    TS     0 PTAMS 0x0000000780400000 NTAMS 0x0000000780400000 space 1024K, 100% used [0x0000000780300000, 0x0000000780400000)
AC   0  O    TS     0 PTAMS 0x0000000780500000 NTAMS 0x0000000780500000 space 1024K, 100% used [0x0000000780400000, 0x0000000780500000)
AC   0  O CS TS     0 PTAMS 0x0000000780600000 NTAMS 0x0000000780600000 space 1024K, 100% used [0x0000000780500000, 0x0000000780600000)
AC   0  O    TS     0 PTAMS 0x0000000780700000 NTAMS 0x0000000780700000 space 1024K, 100% used [0x0000000780600000, 0x0000000780700000)
AC   0  O    TS     0 PTAMS 0x0000000780800000 NTAMS 0x0000000780800000 space 1024K, 100% used [0x0000000780700000, 0x0000000780800000)
AC   0  O    TS     0 PTAMS 0x0000000780900000 NTAMS 0x0000000780900000 space 1024K, 100% used [0x0000000780800000, 0x0000000780900000)
AC   0  O    TS     0 PTAMS 0x0000000780a00000 NTAMS 0x0000000780a00000 space 1024K, 100% used [0x0000000780900000, 0x0000000780a00000)
AC   0  O    TS     0 PTAMS 0x0000000780b00000 NTAMS 0x0000000780b00000 space 1024K, 100% used [0x0000000780a00000, 0x0000000780b00000)
AC   0  O    TS     0 PTAMS 0x0000000780c00000 NTAMS 0x0000000780c00000 space 1024K, 100% used [0x0000000780b00000, 0x0000000780c00000)
AC   0  O    TS     0 PTAMS 0x0000000780d00000 NTAMS 0x0000000780d00000 space 1024K, 100% used [0x0000000780c00000, 0x0000000780d00000)
AC   0  O    TS     0 PTAMS 0x0000000780e00000 NTAMS 0x0000000780e00000 space 1024K, 100% used [0x0000000780d00000, 0x0000000780e00000)
AC   0  O    TS     0 PTAMS 0x0000000780f00000 NTAMS 0x0000000780f00000 space 1024K, 100% used [0x0000000780e00000, 0x0000000780f00000)
AC   0  O    TS     5 PTAMS 0x0000000780f00000 NTAMS 0x0000000780f00000 space 1024K, 100% used [0x0000000780f00000, 0x0000000781000000)
AC   0  O    TS     5 PTAMS 0x0000000781000000 NTAMS 0x0000000781000000 space 1024K, 100% used [0x0000000781000000, 0x0000000781100000)
AC   0  O    TS     5 PTAMS 0x0000000781100000 NTAMS 0x0000000781100000 space 1024K, 100% used [0x0000000781100000, 0x0000000781200000)
AC   0  O    TS     0 PTAMS 0x0000000781300000 NTAMS 0x0000000781300000 space 1024K, 100% used [0x0000000781200000, 0x0000000781300000)
AC   0  O    TS     0 PTAMS 0x0000000781400000 NTAMS 0x0000000781400000 space 1024K, 100% used [0x0000000781300000, 0x0000000781400000)
AC   0  O    TS     0 PTAMS 0x0000000781500000 NTAMS 0x0000000781500000 space 1024K, 100% used [0x0000000781400000, 0x0000000781500000)
AC   0  O    TS     0 PTAMS 0x0000000781600000 NTAMS 0x0000000781600000 space 1024K, 100% used [0x0000000781500000, 0x0000000781600000)
AC   0  O    TS     0 PTAMS 0x0000000781700000 NTAMS 0x0000000781700000 space 1024K, 100% used [0x0000000781600000, 0x0000000781700000)
AC   0  O    TS     0 PTAMS 0x0000000781800000 NTAMS 0x0000000781800000 space 1024K, 100% used [0x0000000781700000, 0x0000000781800000)
AC   0  O    TS     0 PTAMS 0x0000000781900000 NTAMS 0x0000000781900000 space 1024K, 100% used [0x0000000781800000, 0x0000000781900000)
AC   0  O    TS     0 PTAMS 0x0000000781a00000 NTAMS 0x0000000781a00000 space 1024K, 100% used [0x0000000781900000, 0x0000000781a00000)
AC   0  O    TS     0 PTAMS 0x0000000781b00000 NTAMS 0x0000000781b00000 space 1024K, 100% used [0x0000000781a00000, 0x0000000781b00000)
AC   0  O    TS     0 PTAMS 0x0000000781c00000 NTAMS 0x0000000781c00000 space 1024K, 100% used [0x0000000781b00000, 0x0000000781c00000)
AC   0  O CS TS     0 PTAMS 0x0000000781d00000 NTAMS 0x0000000781d00000 space 1024K, 100% used [0x0000000781c00000, 0x0000000781d00000)
AC   0  O    TS     0 PTAMS 0x0000000781e00000 NTAMS 0x0000000781e00000 space 1024K, 100% used [0x0000000781d00000, 0x0000000781e00000)
AC   0  O    TS     0 PTAMS 0x0000000781f00000 NTAMS 0x0000000781f00000 space 1024K, 100% used [0x0000000781e00000, 0x0000000781f00000)
AC   0  O    TS     0 PTAMS 0x0000000782000000 NTAMS 0x0000000782000000 space 1024K, 100% used [0x0000000781f00000, 0x0000000782000000)
AC   0  O CS TS     0 PTAMS 0x0000000782100000 NTAMS 0x0000000782100000 space 1024K, 100% used [0x0000000782000000, 0x0000000782100000)
AC   0  O    TS     0 PTAMS 0x0000000782200000 NTAMS 0x0000000782200000 space 1024K, 100% used [0x0000000782100000, 0x0000000782200000)
AC   0  O    TS     0 PTAMS 0x0000000782300000 NTAMS 0x0000000782300000 space 1024K, 100% used [0x0000000782200000, 0x0000000782300000)
AC   0  O    TS     1 PTAMS 0x0000000782300000 NTAMS 0x0000000782300000 space 1024K, 100% used [0x0000000782300000, 0x0000000782400000)
AC   0  O CS TS     0 PTAMS 0x0000000782500000 NTAMS 0x0000000782500000 space 1024K, 100% used [0x0000000782400000, 0x0000000782500000)
AC   0  O    TS     0 PTAMS 0x0000000782600000 NTAMS 0x0000000782600000 space 1024K, 100% used [0x0000000782500000, 0x0000000782600000)
AC   0  O    TS     0 PTAMS 0x0000000782700000 NTAMS 0x0000000782700000 space 1024K, 100% used [0x0000000782600000, 0x0000000782700000)
AC   0  O CS TS     0 PTAMS 0x0000000782800000 NTAMS 0x0000000782800000 space 1024K, 100% used [0x0000000782700000, 0x0000000782800000)
AC   0  O CS TS     0 PTAMS 0x0000000782900000 NTAMS 0x0000000782900000 space 1024K, 100% used [0x0000000782800000, 0x0000000782900000)
AC   0  O    TS     5 PTAMS 0x0000000782900000 NTAMS 0x0000000782900000 space 1024K, 100% used [0x0000000782900000, 0x0000000782a00000)
AC   0  O    TS     0 PTAMS 0x0000000782b00000 NTAMS 0x0000000782b00000 space 1024K, 100% used [0x0000000782a00000, 0x0000000782b00000)
AC   0  O    TS     5 PTAMS 0x0000000782b00000 NTAMS 0x0000000782b00000 space 1024K, 100% used [0x0000000782b00000, 0x0000000782c00000)
AC   0  O    TS     0 PTAMS 0x0000000782d00000 NTAMS 0x0000000782d00000 space 1024K, 100% used [0x0000000782c00000, 0x0000000782d00000)
AC   0  O    TS     1 PTAMS 0x0000000782d00000 NTAMS 0x0000000782d00000 space 1024K, 100% used [0x0000000782d00000, 0x0000000782e00000)
AC   0  O    TS     0 PTAMS 0x0000000782f00000 NTAMS 0x0000000782f00000 space 1024K, 100% used [0x0000000782e00000, 0x0000000782f00000)
AC   0  O    TS     0 PTAMS 0x0000000783000000 NTAMS 0x0000000783000000 space 1024K, 100% used [0x0000000782f00000, 0x0000000783000000)
AC   0  O    TS     0 PTAMS 0x0000000783100000 NTAMS 0x0000000783100000 space 1024K, 100% used [0x0000000783000000, 0x0000000783100000)
AC   0  O    TS     0 PTAMS 0x0000000783200000 NTAMS 0x0000000783200000 space 1024K, 100% used [0x0000000783100000, 0x0000000783200000)
AC   0  O    TS     0 PTAMS 0x0000000783300000 NTAMS 0x0000000783300000 space 1024K, 100% used [0x0000000783200000, 0x0000000783300000)
AC   0  O    TS     5 PTAMS 0x0000000783300000 NTAMS 0x0000000783300000 space 1024K, 100% used [0x0000000783300000, 0x0000000783400000)
AC   0  O    TS     0 PTAMS 0x0000000783500000 NTAMS 0x0000000783500000 space 1024K, 100% used [0x0000000783400000, 0x0000000783500000)
AC   0  O    TS     0 PTAMS 0x0000000783600000 NTAMS 0x0000000783600000 space 1024K, 100% used [0x0000000783500000, 0x0000000783600000)
AC   0  O    TS     0 PTAMS 0x0000000783700000 NTAMS 0x0000000783700000 space 1024K, 100% used [0x0000000783600000, 0x0000000783700000)
AC   0  O    TS     0 PTAMS 0x0000000783800000 NTAMS 0x0000000783800000 space 1024K, 100% used [0x0000000783700000, 0x0000000783800000)
AC   0  O    TS     0 PTAMS 0x0000000783900000 NTAMS 0x0000000783900000 space 1024K, 100% used [0x0000000783800000, 0x0000000783900000)
AC   0  O    TS     0 PTAMS 0x0000000783a00000 NTAMS 0x0000000783a00000 space 1024K, 100% used [0x0000000783900000, 0x0000000783a00000)
AC   0  O    TS     0 PTAMS 0x0000000783b00000 NTAMS 0x0000000783b00000 space 1024K, 100% used [0x0000000783a00000, 0x0000000783b00000)
AC   0  O    TS     0 PTAMS 0x0000000783c00000 NTAMS 0x0000000783c00000 space 1024K, 100% used [0x0000000783b00000, 0x0000000783c00000)
AC   0  O    TS     0 PTAMS 0x0000000783d00000 NTAMS 0x0000000783d00000 space 1024K, 100% used [0x0000000783c00000, 0x0000000783d00000)
AC   0  O    TS     0 PTAMS 0x0000000783e00000 NTAMS 0x0000000783e00000 space 1024K, 100% used [0x0000000783d00000, 0x0000000783e00000)
AC   0  O    TS     0 PTAMS 0x0000000783f00000 NTAMS 0x0000000783f00000 space 1024K, 100% used [0x0000000783e00000, 0x0000000783f00000)
AC   0  O    TS     0 PTAMS 0x0000000784000000 NTAMS 0x0000000784000000 space 1024K, 100% used [0x0000000783f00000, 0x0000000784000000)
AC   0  O    TS     5 PTAMS 0x0000000784000000 NTAMS 0x0000000784000000 space 1024K, 100% used [0x0000000784000000, 0x0000000784100000)
AC   0  O    TS     1 PTAMS 0x0000000784148200 NTAMS 0x0000000784148200 space 1024K, 100% used [0x0000000784100000, 0x0000000784200000)
AC   0  O    TS     3 PTAMS 0x0000000784200000 NTAMS 0x0000000784200000 space 1024K, 100% used [0x0000000784200000, 0x0000000784300000)
AC   0  O    TS     1 PTAMS 0x0000000784300000 NTAMS 0x0000000784300000 space 1024K, 100% used [0x0000000784300000, 0x0000000784400000)
AC   0  O    TS     0 PTAMS 0x0000000784500000 NTAMS 0x0000000784500000 space 1024K, 100% used [0x0000000784400000, 0x0000000784500000)
AC   0  O    TS     1 PTAMS 0x0000000784500000 NTAMS 0x0000000784500000 space 1024K, 100% used [0x0000000784500000, 0x0000000784600000)
AC   0  O    TS     0 PTAMS 0x0000000784700000 NTAMS 0x0000000784700000 space 1024K, 100% used [0x0000000784600000, 0x0000000784700000)
AC   0  O    TS     0 PTAMS 0x0000000784800000 NTAMS 0x0000000784800000 space 1024K, 100% used [0x0000000784700000, 0x0000000784800000)
AC   0  O    TS     0 PTAMS 0x0000000784900000 NTAMS 0x0000000784900000 space 1024K, 100% used [0x0000000784800000, 0x0000000784900000)
AC   0  O    TS     3 PTAMS 0x0000000784900000 NTAMS 0x0000000784900000 space 1024K, 100% used [0x0000000784900000, 0x0000000784a00000)
AC   0  O    TS     3 PTAMS 0x0000000784a00000 NTAMS 0x0000000784a00000 space 1024K, 100% used [0x0000000784a00000, 0x0000000784b00000)
AC   0 HS    TS     0 PTAMS 0x0000000784b80010 NTAMS 0x0000000784b80010 space 1024K,  50% used [0x0000000784b00000, 0x0000000784c00000)
AC   0  O    TS     0 PTAMS 0x0000000784d00000 NTAMS 0x0000000784d00000 space 1024K, 100% used [0x0000000784c00000, 0x0000000784d00000)
AC   0  O    TS     0 PTAMS 0x0000000784e00000 NTAMS 0x0000000784e00000 space 1024K, 100% used [0x0000000784d00000, 0x0000000784e00000)
AC   0  O    TS     0 PTAMS 0x0000000784f00000 NTAMS 0x0000000784f00000 space 1024K, 100% used [0x0000000784e00000, 0x0000000784f00000)
AC   0  O    TS     0 PTAMS 0x0000000785000000 NTAMS 0x0000000785000000 space 1024K, 100% used [0x0000000784f00000, 0x0000000785000000)
AC   0  O    TS     3 PTAMS 0x0000000785000000 NTAMS 0x0000000785000000 space 1024K, 100% used [0x0000000785000000, 0x0000000785100000)
AC   0  O    TS     3 PTAMS 0x0000000785100000 NTAMS 0x0000000785100000 space 1024K, 100% used [0x0000000785100000, 0x0000000785200000)
AC   0  O    TS     5 PTAMS 0x0000000785200000 NTAMS 0x0000000785200000 space 1024K, 100% used [0x0000000785200000, 0x0000000785300000)
AC   0  O    TS     1 PTAMS 0x0000000785300000 NTAMS 0x0000000785300000 space 1024K, 100% used [0x0000000785300000, 0x0000000785400000)
AC   0  O    TS     0 PTAMS 0x0000000785500000 NTAMS 0x0000000785500000 space 1024K, 100% used [0x0000000785400000, 0x0000000785500000)
AC   0  O    TS     0 PTAMS 0x0000000785600000 NTAMS 0x0000000785600000 space 1024K, 100% used [0x0000000785500000, 0x0000000785600000)
AC   0  O    TS     0 PTAMS 0x0000000785700000 NTAMS 0x0000000785700000 space 1024K, 100% used [0x0000000785600000, 0x0000000785700000)
AC   0  O    TS     0 PTAMS 0x0000000785800000 NTAMS 0x0000000785800000 space 1024K, 100% used [0x0000000785700000, 0x0000000785800000)
AC   0  O    TS     0 PTAMS 0x0000000785900000 NTAMS 0x0000000785900000 space 1024K, 100% used [0x0000000785800000, 0x0000000785900000)
AC   0  O    TS     0 PTAMS 0x0000000785a00000 NTAMS 0x0000000785a00000 space 1024K, 100% used [0x0000000785900000, 0x0000000785a00000)
AC   0  O    TS     0 PTAMS 0x0000000785b00000 NTAMS 0x0000000785b00000 space 1024K, 100% used [0x0000000785a00000, 0x0000000785b00000)
AC   0  O    TS     0 PTAMS 0x0000000785c00000 NTAMS 0x0000000785c00000 space 1024K, 100% used [0x0000000785b00000, 0x0000000785c00000)
AC   0  O    TS     0 PTAMS 0x0000000785d00000 NTAMS 0x0000000785d00000 space 1024K, 100% used [0x0000000785c00000, 0x0000000785d00000)
AC   0  O    TS     1 PTAMS 0x0000000785d00000 NTAMS 0x0000000785d00000 space 1024K, 100% used [0x0000000785d00000, 0x0000000785e00000)
AC   0  O    TS     0 PTAMS 0x0000000785f00000 NTAMS 0x0000000785f00000 space 1024K, 100% used [0x0000000785e00000, 0x0000000785f00000)
AC   0  O    TS     0 PTAMS 0x0000000786000000 NTAMS 0x0000000786000000 space 1024K, 100% used [0x0000000785f00000, 0x0000000786000000)
AC   0  O    TS     5 PTAMS 0x0000000786000000 NTAMS 0x0000000786000000 space 1024K, 100% used [0x0000000786000000, 0x0000000786100000)
AC   0  O    TS     1 PTAMS 0x0000000786100000 NTAMS 0x0000000786100000 space 1024K, 100% used [0x0000000786100000, 0x0000000786200000)
AC   0  O    TS     5 PTAMS 0x0000000786200000 NTAMS 0x0000000786200000 space 1024K, 100% used [0x0000000786200000, 0x0000000786300000)
AC   0  O    TS     5 PTAMS 0x0000000786300000 NTAMS 0x0000000786300000 space 1024K, 100% used [0x0000000786300000, 0x0000000786400000)
AC   0  O    TS     5 PTAMS 0x0000000786400000 NTAMS 0x0000000786400000 space 1024K, 100% used [0x0000000786400000, 0x0000000786500000)
AC   0  O    TS     5 PTAMS 0x0000000786500000 NTAMS 0x0000000786500000 space 1024K, 100% used [0x0000000786500000, 0x0000000786600000)
AC   0  O    TS     5 PTAMS 0x0000000786600000 NTAMS 0x0000000786600000 space 1024K,  88% used [0x0000000786600000, 0x0000000786700000)
AC   0  F    TS     0 PTAMS 0x0000000786700000 NTAMS 0x0000000786700000 space 1024K,   0% used [0x0000000786700000, 0x0000000786800000)
AC   0  F    TS     0 PTAMS 0x0000000786800000 NTAMS 0x0000000786800000 space 1024K,   0% used [0x0000000786800000, 0x0000000786900000)
AC   0  F    TS     0 PTAMS 0x0000000786900000 NTAMS 0x0000000786900000 space 1024K,   0% used [0x0000000786900000, 0x0000000786a00000)
AC   0  O    TS     0 PTAMS 0x0000000786b00000 NTAMS 0x0000000786b00000 space 1024K, 100% used [0x0000000786a00000, 0x0000000786b00000)
AC   0  O    TS     0 PTAMS 0x0000000786c00000 NTAMS 0x0000000786c00000 space 1024K, 100% used [0x0000000786b00000, 0x0000000786c00000)
AC   0  O    TS     0 PTAMS 0x0000000786d00000 NTAMS 0x0000000786d00000 space 1024K, 100% used [0x0000000786c00000, 0x0000000786d00000)
AC   0  F    TS     0 PTAMS 0x0000000786d00000 NTAMS 0x0000000786d00000 space 1024K,   0% used [0x0000000786d00000, 0x0000000786e00000)
AC   0  F    TS     0 PTAMS 0x0000000786e00000 NTAMS 0x0000000786e00000 space 1024K,   0% used [0x0000000786e00000, 0x0000000786f00000)
AC   0  F    TS     0 PTAMS 0x0000000786f00000 NTAMS 0x0000000786f00000 space 1024K,   0% used [0x0000000786f00000, 0x0000000787000000)
AC   0  F    TS     0 PTAMS 0x0000000787000000 NTAMS 0x0000000787000000 space 1024K,   0% used [0x0000000787000000, 0x0000000787100000)
AC   0  F    TS     0 PTAMS 0x0000000787100000 NTAMS 0x0000000787100000 space 1024K,   0% used [0x0000000787100000, 0x0000000787200000)
AC   0  F    TS     0 PTAMS 0x0000000787200000 NTAMS 0x0000000787200000 space 1024K,   0% used [0x0000000787200000, 0x0000000787300000)
AC   0  F    TS     0 PTAMS 0x0000000787300000 NTAMS 0x0000000787300000 space 1024K,   0% used [0x0000000787300000, 0x0000000787400000)
AC   0  O CS TS     0 PTAMS 0x0000000787500000 NTAMS 0x0000000787500000 space 1024K, 100% used [0x0000000787400000, 0x0000000787500000)
AC   0  O    TS     0 PTAMS 0x0000000787600000 NTAMS 0x0000000787600000 space 1024K, 100% used [0x0000000787500000, 0x0000000787600000)
AC   0  F    TS     0 PTAMS 0x0000000787600000 NTAMS 0x0000000787600000 space 1024K,   0% used [0x0000000787600000, 0x0000000787700000)
AC   0  F    TS     0 PTAMS 0x0000000787700000 NTAMS 0x0000000787700000 space 1024K,   0% used [0x0000000787700000, 0x0000000787800000)
AC   0  O    TS     0 PTAMS 0x0000000787900000 NTAMS 0x0000000787900000 space 1024K, 100% used [0x0000000787800000, 0x0000000787900000)
AC   0  O    TS     0 PTAMS 0x0000000787a00000 NTAMS 0x0000000787a00000 space 1024K, 100% used [0x0000000787900000, 0x0000000787a00000)
AC   0  O    TS     0 PTAMS 0x0000000787b00000 NTAMS 0x0000000787b00000 space 1024K, 100% used [0x0000000787a00000, 0x0000000787b00000)
AC   0  O CS TS     0 PTAMS 0x0000000787c00000 NTAMS 0x0000000787c00000 space 1024K, 100% used [0x0000000787b00000, 0x0000000787c00000)
AC   0  O    TS     0 PTAMS 0x0000000787d00000 NTAMS 0x0000000787d00000 space 1024K, 100% used [0x0000000787c00000, 0x0000000787d00000)
AC   0  F    TS     0 PTAMS 0x0000000787d00000 NTAMS 0x0000000787d00000 space 1024K,   0% used [0x0000000787d00000, 0x0000000787e00000)
AC   0  O    TS     0 PTAMS 0x0000000787f00000 NTAMS 0x0000000787f00000 space 1024K, 100% used [0x0000000787e00000, 0x0000000787f00000)
AC   0  F    TS     0 PTAMS 0x0000000787f00000 NTAMS 0x0000000787f00000 space 1024K,   0% used [0x0000000787f00000, 0x0000000788000000)
AC   0  O    TS     0 PTAMS 0x0000000788100000 NTAMS 0x0000000788100000 space 1024K, 100% used [0x0000000788000000, 0x0000000788100000)
AC   0  O    TS     0 PTAMS 0x0000000788200000 NTAMS 0x0000000788200000 space 1024K, 100% used [0x0000000788100000, 0x0000000788200000)
AC   0  F    TS     0 PTAMS 0x0000000788200000 NTAMS 0x0000000788200000 space 1024K,   0% used [0x0000000788200000, 0x0000000788300000)
AC   0  O CS TS     0 PTAMS 0x0000000788400000 NTAMS 0x0000000788400000 space 1024K, 100% used [0x0000000788300000, 0x0000000788400000)
AC   0  O CS TS     0 PTAMS 0x0000000788500000 NTAMS 0x0000000788500000 space 1024K, 100% used [0x0000000788400000, 0x0000000788500000)
AC   0  F    TS     0 PTAMS 0x0000000788500000 NTAMS 0x0000000788500000 space 1024K,   0% used [0x0000000788500000, 0x0000000788600000)
AC   0  F    TS     0 PTAMS 0x0000000788600000 NTAMS 0x0000000788600000 space 1024K,   0% used [0x0000000788600000, 0x0000000788700000)
AC   0  O    TS     0 PTAMS 0x0000000788800000 NTAMS 0x0000000788800000 space 1024K, 100% used [0x0000000788700000, 0x0000000788800000)
AC   0  O CS TS     0 PTAMS 0x0000000788900000 NTAMS 0x0000000788900000 space 1024K, 100% used [0x0000000788800000, 0x0000000788900000)
AC   0  O    TS     0 PTAMS 0x0000000788a00000 NTAMS 0x0000000788a00000 space 1024K, 100% used [0x0000000788900000, 0x0000000788a00000)
AC   0  F    TS     0 PTAMS 0x0000000788a00000 NTAMS 0x0000000788a00000 space 1024K,   0% used [0x0000000788a00000, 0x0000000788b00000)
AC   0  F    TS     0 PTAMS 0x0000000788b00000 NTAMS 0x0000000788b00000 space 1024K,   0% used [0x0000000788b00000, 0x0000000788c00000)
AC   0  F    TS     0 PTAMS 0x0000000788c00000 NTAMS 0x0000000788c00000 space 1024K,   0% used [0x0000000788c00000, 0x0000000788d00000)
AC   0  O CS TS     0 PTAMS 0x0000000788e00000 NTAMS 0x0000000788e00000 space 1024K, 100% used [0x0000000788d00000, 0x0000000788e00000)
AC   0  F    TS     0 PTAMS 0x0000000788e00000 NTAMS 0x0000000788e00000 space 1024K,   0% used [0x0000000788e00000, 0x0000000788f00000)
AC   0  F    TS     0 PTAMS 0x0000000788f00000 NTAMS 0x0000000788f00000 space 1024K,   0% used [0x0000000788f00000, 0x0000000789000000)
AC   0  F    TS     0 PTAMS 0x0000000789000000 NTAMS 0x0000000789000000 space 1024K,   0% used [0x0000000789000000, 0x0000000789100000)
AC   0  F    TS     0 PTAMS 0x0000000789100000 NTAMS 0x0000000789100000 space 1024K,   0% used [0x0000000789100000, 0x0000000789200000)
AC   0  F    TS     0 PTAMS 0x0000000789200000 NTAMS 0x0000000789200000 space 1024K,   0% used [0x0000000789200000, 0x0000000789300000)
AC   0  F    TS     1 PTAMS 0x0000000789300000 NTAMS 0x0000000789300000 space 1024K,   0% used [0x0000000789300000, 0x0000000789400000)
AC   0  O    TS     0 PTAMS 0x0000000789500000 NTAMS 0x0000000789500000 space 1024K, 100% used [0x0000000789400000, 0x0000000789500000)
AC   0  O    TS     0 PTAMS 0x0000000789600000 NTAMS 0x0000000789600000 space 1024K, 100% used [0x0000000789500000, 0x0000000789600000)
AC   0  O    TS     0 PTAMS 0x0000000789700000 NTAMS 0x0000000789700000 space 1024K, 100% used [0x0000000789600000, 0x0000000789700000)
AC   0  O CS TS     0 PTAMS 0x0000000789800000 NTAMS 0x0000000789800000 space 1024K, 100% used [0x0000000789700000, 0x0000000789800000)
AC   0  O    TS     0 PTAMS 0x0000000789900000 NTAMS 0x0000000789900000 space 1024K, 100% used [0x0000000789800000, 0x0000000789900000)
AC   0  F    TS     0 PTAMS 0x0000000789900000 NTAMS 0x0000000789900000 space 1024K,   0% used [0x0000000789900000, 0x0000000789a00000)
AC   0  O CS TS     0 PTAMS 0x0000000789b00000 NTAMS 0x0000000789b00000 space 1024K, 100% used [0x0000000789a00000, 0x0000000789b00000)
AC   0  O    TS     0 PTAMS 0x0000000789c00000 NTAMS 0x0000000789c00000 space 1024K, 100% used [0x0000000789b00000, 0x0000000789c00000)
AC   0  O    TS     0 PTAMS 0x0000000789d00000 NTAMS 0x0000000789d00000 space 1024K, 100% used [0x0000000789c00000, 0x0000000789d00000)
AC   0  O CS TS     0 PTAMS 0x0000000789e00000 NTAMS 0x0000000789e00000 space 1024K, 100% used [0x0000000789d00000, 0x0000000789e00000)
AC   0  O CS TS     0 PTAMS 0x0000000789f00000 NTAMS 0x0000000789f00000 space 1024K, 100% used [0x0000000789e00000, 0x0000000789f00000)
AC   0  O CS TS     0 PTAMS 0x000000078a000000 NTAMS 0x000000078a000000 space 1024K, 100% used [0x0000000789f00000, 0x000000078a000000)
AC   0  O CS TS     0 PTAMS 0x000000078a100000 NTAMS 0x000000078a100000 space 1024K, 100% used [0x000000078a000000, 0x000000078a100000)
AC   0  O    TS     0 PTAMS 0x000000078a200000 NTAMS 0x000000078a200000 space 1024K, 100% used [0x000000078a100000, 0x000000078a200000)
AC   0  O    TS     0 PTAMS 0x000000078a300000 NTAMS 0x000000078a300000 space 1024K, 100% used [0x000000078a200000, 0x000000078a300000)
AC   0  F    TS     0 PTAMS 0x000000078a300000 NTAMS 0x000000078a300000 space 1024K,   0% used [0x000000078a300000, 0x000000078a400000)
AC   0  O CS TS     0 PTAMS 0x000000078a500000 NTAMS 0x000000078a500000 space 1024K, 100% used [0x000000078a400000, 0x000000078a500000)
AC   0  F    TS     1 PTAMS 0x000000078a500000 NTAMS 0x000000078a500000 space 1024K,   0% used [0x000000078a500000, 0x000000078a600000)
AC   0  F    TS     0 PTAMS 0x000000078a600000 NTAMS 0x000000078a600000 space 1024K,   0% used [0x000000078a600000, 0x000000078a700000)
AC   0  F    TS     0 PTAMS 0x000000078a700000 NTAMS 0x000000078a700000 space 1024K,   0% used [0x000000078a700000, 0x000000078a800000)
AC   0  O CS TS     0 PTAMS 0x000000078a900000 NTAMS 0x000000078a900000 space 1024K, 100% used [0x000000078a800000, 0x000000078a900000)
AC   0  O CS TS     0 PTAMS 0x000000078aa00000 NTAMS 0x000000078aa00000 space 1024K, 100% used [0x000000078a900000, 0x000000078aa00000)
AC   0  O CS TS     0 PTAMS 0x000000078ab00000 NTAMS 0x000000078ab00000 space 1024K, 100% used [0x000000078aa00000, 0x000000078ab00000)
AC   0  O CS TS     0 PTAMS 0x000000078ac00000 NTAMS 0x000000078ac00000 space 1024K, 100% used [0x000000078ab00000, 0x000000078ac00000)
AC   0  O CS TS     0 PTAMS 0x000000078ad00000 NTAMS 0x000000078ad00000 space 1024K, 100% used [0x000000078ac00000, 0x000000078ad00000)
AC   0  O    TS     0 PTAMS 0x000000078ae00000 NTAMS 0x000000078ae00000 space 1024K, 100% used [0x000000078ad00000, 0x000000078ae00000)
AC   0  O CS TS     0 PTAMS 0x000000078af00000 NTAMS 0x000000078af00000 space 1024K, 100% used [0x000000078ae00000, 0x000000078af00000)
AC   0  O CS TS     0 PTAMS 0x000000078b000000 NTAMS 0x000000078b000000 space 1024K, 100% used [0x000000078af00000, 0x000000078b000000)
AC   0  F    TS     0 PTAMS 0x000000078b000000 NTAMS 0x000000078b000000 space 1024K,   0% used [0x000000078b000000, 0x000000078b100000)
AC   0  F    TS     0 PTAMS 0x000000078b100000 NTAMS 0x000000078b100000 space 1024K,   0% used [0x000000078b100000, 0x000000078b200000)
AC   0  F    TS     0 PTAMS 0x000000078b200000 NTAMS 0x000000078b200000 space 1024K,   0% used [0x000000078b200000, 0x000000078b300000)
AC   0  F    TS     0 PTAMS 0x000000078b300000 NTAMS 0x000000078b300000 space 1024K,   0% used [0x000000078b300000, 0x000000078b400000)
AC   0  F    TS     0 PTAMS 0x000000078b400000 NTAMS 0x000000078b400000 space 1024K,   0% used [0x000000078b400000, 0x000000078b500000)
AC   0  F    TS     1 PTAMS 0x000000078b500000 NTAMS 0x000000078b500000 space 1024K,   0% used [0x000000078b500000, 0x000000078b600000)
AC   0  F    TS     1 PTAMS 0x000000078b600000 NTAMS 0x000000078b600000 space 1024K,   0% used [0x000000078b600000, 0x000000078b700000)
AC   0  F    TS     1 PTAMS 0x000000078b700000 NTAMS 0x000000078b700000 space 1024K,   0% used [0x000000078b700000, 0x000000078b800000)
AC   0  F    TS     0 PTAMS 0x000000078b800000 NTAMS 0x000000078b800000 space 1024K,   0% used [0x000000078b800000, 0x000000078b900000)
AC   0  F    TS     0 PTAMS 0x000000078b900000 NTAMS 0x000000078b900000 space 1024K,   0% used [0x000000078b900000, 0x000000078ba00000)
AC   0  F    TS     0 PTAMS 0x000000078ba00000 NTAMS 0x000000078ba00000 space 1024K,   0% used [0x000000078ba00000, 0x000000078bb00000)
AC   0  F    TS     0 PTAMS 0x000000078bb00000 NTAMS 0x000000078bb00000 space 1024K,   0% used [0x000000078bb00000, 0x000000078bc00000)
AC   0  F    TS     0 PTAMS 0x000000078bc00000 NTAMS 0x000000078bc00000 space 1024K,   0% used [0x000000078bc00000, 0x000000078bd00000)
AC   0  F    TS     0 PTAMS 0x000000078bd00000 NTAMS 0x000000078bd00000 space 1024K,   0% used [0x000000078bd00000, 0x000000078be00000)
AC   0  F    TS     0 PTAMS 0x000000078be00000 NTAMS 0x000000078be00000 space 1024K,   0% used [0x000000078be00000, 0x000000078bf00000)
AC   0  F    TS     0 PTAMS 0x000000078bf00000 NTAMS 0x000000078bf00000 space 1024K,   0% used [0x000000078bf00000, 0x000000078c000000)
AC   0  F    TS     0 PTAMS 0x000000078c000000 NTAMS 0x000000078c000000 space 1024K,   0% used [0x000000078c000000, 0x000000078c100000)
AC   0  F    TS     0 PTAMS 0x000000078c100000 NTAMS 0x000000078c100000 space 1024K,   0% used [0x000000078c100000, 0x000000078c200000)
AC   0  F    TS     0 PTAMS 0x000000078c200000 NTAMS 0x000000078c200000 space 1024K,   0% used [0x000000078c200000, 0x000000078c300000)
AC   0  F    TS     0 PTAMS 0x000000078c300000 NTAMS 0x000000078c300000 space 1024K,   0% used [0x000000078c300000, 0x000000078c400000)
AC   0  F    TS     0 PTAMS 0x000000078c400000 NTAMS 0x000000078c400000 space 1024K,   0% used [0x000000078c400000, 0x000000078c500000)
AC   0  F    TS     0 PTAMS 0x000000078c500000 NTAMS 0x000000078c500000 space 1024K,   0% used [0x000000078c500000, 0x000000078c600000)
AC   0  F    TS     0 PTAMS 0x000000078c600000 NTAMS 0x000000078c600000 space 1024K,   0% used [0x000000078c600000, 0x000000078c700000)
AC   0  F    TS     0 PTAMS 0x000000078c700000 NTAMS 0x000000078c700000 space 1024K,   0% used [0x000000078c700000, 0x000000078c800000)
AC   0  F    TS     0 PTAMS 0x000000078c800000 NTAMS 0x000000078c800000 space 1024K,   0% used [0x000000078c800000, 0x000000078c900000)
AC   0  F    TS     0 PTAMS 0x000000078c900000 NTAMS 0x000000078c900000 space 1024K,   0% used [0x000000078c900000, 0x000000078ca00000)
AC   0  F    TS     0 PTAMS 0x000000078ca00000 NTAMS 0x000000078ca00000 space 1024K,   0% used [0x000000078ca00000, 0x000000078cb00000)
AC   0  F    TS     0 PTAMS 0x000000078cb00000 NTAMS 0x000000078cb00000 space 1024K,   0% used [0x000000078cb00000, 0x000000078cc00000)
AC   0  F    TS     0 PTAMS 0x000000078cc00000 NTAMS 0x000000078cc00000 space 1024K,   0% used [0x000000078cc00000, 0x000000078cd00000)
AC   0  F    TS     0 PTAMS 0x000000078cd00000 NTAMS 0x000000078cd00000 space 1024K,   0% used [0x000000078cd00000, 0x000000078ce00000)
AC   0  F    TS     0 PTAMS 0x000000078ce00000 NTAMS 0x000000078ce00000 space 1024K,   0% used [0x000000078ce00000, 0x000000078cf00000)
AC   0  F    TS     0 PTAMS 0x000000078cf00000 NTAMS 0x000000078cf00000 space 1024K,   0% used [0x000000078cf00000, 0x000000078d000000)
AC   0  F    TS     0 PTAMS 0x000000078d000000 NTAMS 0x000000078d000000 space 1024K,   0% used [0x000000078d000000, 0x000000078d100000)
AC   0  F    TS     0 PTAMS 0x000000078d100000 NTAMS 0x000000078d100000 space 1024K,   0% used [0x000000078d100000, 0x000000078d200000)
AC   0  F    TS     0 PTAMS 0x000000078d200000 NTAMS 0x000000078d200000 space 1024K,   0% used [0x000000078d200000, 0x000000078d300000)
AC   0  F    TS     0 PTAMS 0x000000078d300000 NTAMS 0x000000078d300000 space 1024K,   0% used [0x000000078d300000, 0x000000078d400000)
AC   0  F    TS     0 PTAMS 0x000000078d400000 NTAMS 0x000000078d400000 space 1024K,   0% used [0x000000078d400000, 0x000000078d500000)
AC   0  F    TS     0 PTAMS 0x000000078d500000 NTAMS 0x000000078d500000 space 1024K,   0% used [0x000000078d500000, 0x000000078d600000)
AC   0  F    TS     0 PTAMS 0x000000078d600000 NTAMS 0x000000078d600000 space 1024K,   0% used [0x000000078d600000, 0x000000078d700000)
AC   0  F    TS     0 PTAMS 0x000000078d700000 NTAMS 0x000000078d700000 space 1024K,   0% used [0x000000078d700000, 0x000000078d800000)
AC   0  F    TS     0 PTAMS 0x000000078d800000 NTAMS 0x000000078d800000 space 1024K,   0% used [0x000000078d800000, 0x000000078d900000)
AC   0  F    TS     0 PTAMS 0x000000078d900000 NTAMS 0x000000078d900000 space 1024K,   0% used [0x000000078d900000, 0x000000078da00000)
AC   0  F    TS     0 PTAMS 0x000000078da00000 NTAMS 0x000000078da00000 space 1024K,   0% used [0x000000078da00000, 0x000000078db00000)
AC   0  F    TS     0 PTAMS 0x000000078db00000 NTAMS 0x000000078db00000 space 1024K,   0% used [0x000000078db00000, 0x000000078dc00000)
AC   0  F    TS     0 PTAMS 0x000000078dc00000 NTAMS 0x000000078dc00000 space 1024K,   0% used [0x000000078dc00000, 0x000000078dd00000)
AC   0  F    TS     0 PTAMS 0x000000078dd00000 NTAMS 0x000000078dd00000 space 1024K,   0% used [0x000000078dd00000, 0x000000078de00000)
AC   0  F    TS     0 PTAMS 0x000000078de00000 NTAMS 0x000000078de00000 space 1024K,   0% used [0x000000078de00000, 0x000000078df00000)
AC   0  F    TS     0 PTAMS 0x000000078df00000 NTAMS 0x000000078df00000 space 1024K,   0% used [0x000000078df00000, 0x000000078e000000)
AC   0  F    TS     0 PTAMS 0x000000078e000000 NTAMS 0x000000078e000000 space 1024K,   0% used [0x000000078e000000, 0x000000078e100000)
AC   0  F    TS     0 PTAMS 0x000000078e100000 NTAMS 0x000000078e100000 space 1024K,   0% used [0x000000078e100000, 0x000000078e200000)
AC   0  F    TS     0 PTAMS 0x000000078e200000 NTAMS 0x000000078e200000 space 1024K,   0% used [0x000000078e200000, 0x000000078e300000)
AC   0  F    TS     0 PTAMS 0x000000078e300000 NTAMS 0x000000078e300000 space 1024K,   0% used [0x000000078e300000, 0x000000078e400000)
AC   0  F    TS     0 PTAMS 0x000000078e400000 NTAMS 0x000000078e400000 space 1024K,   0% used [0x000000078e400000, 0x000000078e500000)
AC   0  F    TS     0 PTAMS 0x000000078e500000 NTAMS 0x000000078e500000 space 1024K,   0% used [0x000000078e500000, 0x000000078e600000)
AC   0  F    TS     0 PTAMS 0x000000078e600000 NTAMS 0x000000078e600000 space 1024K,   0% used [0x000000078e600000, 0x000000078e700000)
AC   0  F    TS     0 PTAMS 0x000000078e700000 NTAMS 0x000000078e700000 space 1024K,   0% used [0x000000078e700000, 0x000000078e800000)
AC   0  F    TS     0 PTAMS 0x000000078e800000 NTAMS 0x000000078e800000 space 1024K,   0% used [0x000000078e800000, 0x000000078e900000)
AC   0  F    TS     0 PTAMS 0x000000078e900000 NTAMS 0x000000078e900000 space 1024K,   0% used [0x000000078e900000, 0x000000078ea00000)
AC   0  F    TS     0 PTAMS 0x000000078ea00000 NTAMS 0x000000078ea00000 space 1024K,   0% used [0x000000078ea00000, 0x000000078eb00000)
AC   0  F    TS     0 PTAMS 0x000000078eb00000 NTAMS 0x000000078eb00000 space 1024K,   0% used [0x000000078eb00000, 0x000000078ec00000)
AC   0  F    TS     0 PTAMS 0x000000078ec00000 NTAMS 0x000000078ec00000 space 1024K,   0% used [0x000000078ec00000, 0x000000078ed00000)
AC   0  F    TS     0 PTAMS 0x000000078ed00000 NTAMS 0x000000078ed00000 space 1024K,   0% used [0x000000078ed00000, 0x000000078ee00000)
AC   0  F    TS     0 PTAMS 0x000000078ee00000 NTAMS 0x000000078ee00000 space 1024K,   0% used [0x000000078ee00000, 0x000000078ef00000)
AC   0  F    TS     0 PTAMS 0x000000078ef00000 NTAMS 0x000000078ef00000 space 1024K,   0% used [0x000000078ef00000, 0x000000078f000000)
AC   0  F    TS     0 PTAMS 0x000000078f000000 NTAMS 0x000000078f000000 space 1024K,   0% used [0x000000078f000000, 0x000000078f100000)
AC   0  F    TS     0 PTAMS 0x000000078f100000 NTAMS 0x000000078f100000 space 1024K,   0% used [0x000000078f100000, 0x000000078f200000)
AC   0  F    TS     0 PTAMS 0x000000078f200000 NTAMS 0x000000078f200000 space 1024K,   0% used [0x000000078f200000, 0x000000078f300000)
AC   0  S    TS     5 PTAMS 0x000000078f300000 NTAMS 0x000000078f300000 space 1024K,  80% used [0x000000078f300000, 0x000000078f400000)
AC   0  E CS TS     0 PTAMS 0x000000078f400000 NTAMS 0x000000078f400000 space 1024K, 100% used [0x000000078f400000, 0x000000078f500000)
AC   0  E CS TS     0 PTAMS 0x000000078f500000 NTAMS 0x000000078f500000 space 1024K, 100% used [0x000000078f500000, 0x000000078f600000)
AC   0  E CS TS     0 PTAMS 0x000000078f600000 NTAMS 0x000000078f600000 space 1024K, 100% used [0x000000078f600000, 0x000000078f700000)
AC   0  E CS TS     3 PTAMS 0x000000078f700000 NTAMS 0x000000078f700000 space 1024K, 100% used [0x000000078f700000, 0x000000078f800000)
AC   0  E CS TS     3 PTAMS 0x000000078f800000 NTAMS 0x000000078f800000 space 1024K, 100% used [0x000000078f800000, 0x000000078f900000)
AC   0  E CS TS     0 PTAMS 0x000000078f900000 NTAMS 0x000000078f900000 space 1024K, 100% used [0x000000078f900000, 0x000000078fa00000)
AC   0  E CS TS     0 PTAMS 0x000000078fa00000 NTAMS 0x000000078fa00000 space 1024K, 100% used [0x000000078fa00000, 0x000000078fb00000)
AC   0  E CS TS     0 PTAMS 0x000000078fb00000 NTAMS 0x000000078fb00000 space 1024K, 100% used [0x000000078fb00000, 0x000000078fc00000)
AC   0  E CS TS     0 PTAMS 0x000000078fc00000 NTAMS 0x000000078fc00000 space 1024K, 100% used [0x000000078fc00000, 0x000000078fd00000)
AC   0  E CS TS     0 PTAMS 0x000000078fd00000 NTAMS 0x000000078fd00000 space 1024K, 100% used [0x000000078fd00000, 0x000000078fe00000)
AC   0  E CS TS     0 PTAMS 0x000000078fe00000 NTAMS 0x000000078fe00000 space 1024K, 100% used [0x000000078fe00000, 0x000000078ff00000)
AC   0  E CS TS     0 PTAMS 0x000000078ff00000 NTAMS 0x000000078ff00000 space 1024K, 100% used [0x000000078ff00000, 0x0000000790000000)

Card table byte_map: [0x00000001198bf000,0x0000000119abf000] byte_map_base: 0x0000000115cbf000

Marking Bits (Prev, Next): (CMBitMap*) 0x00007fcb5202d088, (CMBitMap*) 0x00007fcb5202d0e0
 Prev Bits: [0x0000000119cbf000, 0x000000011acbf000)
 Next Bits: [0x000000011acbf000, 0x000000011bcbf000)

Polling page: 0x0000000105183000

CodeCache: size=245760Kb used=60936Kb max_used=60949Kb free=184823Kb
 bounds [0x00000001098ff000, 0x000000010d4ef000, 0x00000001188ff000]
 total_blobs=16388 nmethods=15468 adapters=825
 compilation: enabled

Compilation events (10 events):
Event: 1340.140 Thread 0x00007fcb52081800 20327       3       org.eclipse.jdt.internal.compiler.lookup.ClassScope::buildTypeVariables (86 bytes)
Event: 1340.141 Thread 0x00007fcb52081800 nmethod 20327 0x000000010d0aedd0 code [0x000000010d0af020, 0x000000010d0b0128]
Event: 1340.141 Thread 0x00007fcb52081800 20328       3       org.eclipse.jdt.internal.compiler.lookup.SourceTypeBinding::setTypeVariables (88 bytes)
Event: 1340.142 Thread 0x00007fcb52081800 nmethod 20328 0x000000010d0adc10 code [0x000000010d0ade00, 0x000000010d0ae8b8]
Event: 1340.142 Thread 0x00007fcb52081800 20329       3       org.eclipse.jdt.internal.compiler.lookup.ClassScope::buildMemberTypes (325 bytes)
Event: 1340.147 Thread 0x00007fcb52081800 nmethod 20329 0x000000010d153d90 code [0x000000010d1542a0, 0x000000010d157f98]
Event: 1340.147 Thread 0x00007fcb52081800 20330       3       org.eclipse.jdt.internal.compiler.lookup.ClassScope::detectHierarchyCycle (729 bytes)
Event: 1340.154 Thread 0x00007fcb52081800 nmethod 20330 0x000000010d4d5e50 code [0x000000010d4d67e0, 0x000000010d4df158]
Event: 1340.181 Thread 0x00007fcb52892000 nmethod 20333 0x000000010d4e4490 code [0x000000010d4e47e0, 0x000000010d4e6b98]
Event: 1340.228 Thread 0x00007fcb51899000 20334 % !   4       org.eclipse.jface.text.source.OverviewRuler::doPaint @ 141 (711 bytes)

GC Heap History (10 events):
Event: 1253.734 GC heap after
Heap after GC invocations=72 (full 0):
 garbage-first heap   total 262144K, used 155836K [0x0000000780000000, 0x0000000780100800, 0x00000007c0000000)
  region size 1024K, 2 young (2048K), 2 survivors (2048K)
 Metaspace       used 144684K, capacity 159548K, committed 159740K, reserved 1187840K
  class space    used 17742K, capacity 21884K, committed 22012K, reserved 1048576K
}
Event: 1282.777 GC heap before
{Heap before GC invocations=72 (full 0):
 garbage-first heap   total 262144K, used 226492K [0x0000000780000000, 0x0000000780100800, 0x00000007c0000000)
  region size 1024K, 71 young (72704K), 2 survivors (2048K)
 Metaspace       used 144913K, capacity 159804K, committed 159996K, reserved 1187840K
  class space    used 17742K, capacity 21884K, committed 22012K, reserved 1048576K
Event: 1282.800 GC heap after
Heap after GC invocations=73 (full 0):
 garbage-first heap   total 262144K, used 157914K [0x0000000780000000, 0x0000000780100800, 0x00000007c0000000)
  region size 1024K, 4 young (4096K), 4 survivors (4096K)
 Metaspace       used 144913K, capacity 159804K, committed 159996K, reserved 1187840K
  class space    used 17742K, capacity 21884K, committed 22012K, reserved 1048576K
}
Event: 1313.065 GC heap before
{Heap before GC invocations=73 (full 0):
 garbage-first heap   total 262144K, used 226522K [0x0000000780000000, 0x0000000780100800, 0x00000007c0000000)
  region size 1024K, 71 young (72704K), 4 survivors (4096K)
 Metaspace       used 145124K, capacity 160066K, committed 160252K, reserved 1187840K
  class space    used 17746K, capacity 21885K, committed 22012K, reserved 1048576K
Event: 1313.080 GC heap after
Heap after GC invocations=74 (full 0):
 garbage-first heap   total 262144K, used 170784K [0x0000000780000000, 0x0000000780100800, 0x00000007c0000000)
  region size 1024K, 9 young (9216K), 9 survivors (9216K)
 Metaspace       used 145124K, capacity 160066K, committed 160252K, reserved 1187840K
  class space    used 17746K, capacity 21885K, committed 22012K, reserved 1048576K
}
Event: 1333.632 GC heap before
{Heap before GC invocations=75 (full 0):
 garbage-first heap   total 262144K, used 232443K [0x0000000780000000, 0x0000000780100800, 0x00000007c0000000)
  region size 1024K, 62 young (63488K), 9 survivors (9216K)
 Metaspace       used 145388K, capacity 160256K, committed 160508K, reserved 1187840K
  class space    used 17760K, capacity 21884K, committed 22012K, reserved 1048576K
Event: 1333.646 GC heap after
Heap after GC invocations=76 (full 0):
 garbage-first heap   total 262144K, used 160256K [0x0000000780000000, 0x0000000780100800, 0x00000007c0000000)
  region size 1024K, 5 young (5120K), 5 survivors (5120K)
 Metaspace       used 145388K, capacity 160256K, committed 160508K, reserved 1187840K
  class space    used 17760K, capacity 21884K, committed 22012K, reserved 1048576K
}
Event: 1337.275 GC heap before
{Heap before GC invocations=76 (full 0):
 garbage-first heap   total 262144K, used 167424K [0x0000000780000000, 0x0000000780100800, 0x00000007c0000000)
  region size 1024K, 12 young (12288K), 5 survivors (5120K)
 Metaspace       used 145402K, capacity 160256K, committed 160508K, reserved 1187840K
  class space    used 17760K, capacity 21884K, committed 22012K, reserved 1048576K
Event: 1337.293 GC heap after
Heap after GC invocations=77 (full 0):
 garbage-first heap   total 262144K, used 135680K [0x0000000780000000, 0x0000000780100800, 0x00000007c0000000)
  region size 1024K, 2 young (2048K), 2 survivors (2048K)
 Metaspace       used 145402K, capacity 160256K, committed 160508K, reserved 1187840K
  class space    used 17760K, capacity 21884K, committed 22012K, reserved 1048576K
}
Event: 1340.280 GC heap before
{Heap before GC invocations=77 (full 0):
 garbage-first heap   total 262144K, used 145920K [0x0000000780000000, 0x0000000780100800, 0x00000007c0000000)
  region size 1024K, 12 young (12288K), 2 survivors (2048K)
 Metaspace       used 145441K, capacity 160388K, committed 160764K, reserved 1187840K
  class space    used 17760K, capacity 21884K, committed 22012K, reserved 1048576K

Deoptimization events (10 events):
Event: 1316.903 Thread 0x00007fcb520ba800 Uncommon trap: reason=predicate action=maybe_recompile pc=0x000000010d3dae88 method=java.util.TimSort.mergeLo(IIII)V @ 153
Event: 1319.934 Thread 0x00007fcb520ba800 Uncommon trap: reason=array_check action=maybe_recompile pc=0x000000010aa17804 method=java.util.TimSort.mergeLo(IIII)V @ 212
Event: 1319.934 Thread 0x00007fcb520ba800 Uncommon trap: reason=array_check action=maybe_recompile pc=0x000000010aa17804 method=java.util.TimSort.mergeLo(IIII)V @ 212
Event: 1319.935 Thread 0x00007fcb520ba800 Uncommon trap: reason=unstable_if action=reinterpret pc=0x000000010d3f8074 method=org.eclipse.jdt.internal.compiler.lookup.BinaryTypeBinding.createMethod(Lorg/eclipse/jdt/internal/compiler/env/IBinaryMethod;Lorg/eclipse/jdt/internal/compiler/env/IBinaryTy
Event: 1322.761 Thread 0x00007fcb5180e000 Uncommon trap: reason=unstable_if action=reinterpret pc=0x000000010bb80eb4 method=org.eclipse.jdt.internal.compiler.lookup.ParameterizedTypeBinding.<init>(Lorg/eclipse/jdt/internal/compiler/lookup/ReferenceBinding;[Lorg/eclipse/jdt/internal/compiler/looku
Event: 1322.761 Thread 0x00007fcb5180e000 Uncommon trap: reason=unstable_if action=reinterpret pc=0x000000010ca48528 method=org.eclipse.jdt.internal.compiler.lookup.ParameterizedTypeBinding.initialize(Lorg/eclipse/jdt/internal/compiler/lookup/ReferenceBinding;[Lorg/eclipse/jdt/internal/compiler/l
Event: 1323.140 Thread 0x00007fcb5180e000 Uncommon trap: reason=unstable_if action=reinterpret pc=0x000000010aa5daa4 method=org.eclipse.jdt.core.compiler.CharOperation.indexOf([C[CZII)I @ 108
Event: 1328.009 Thread 0x00007fcb520ba800 Uncommon trap: reason=array_check action=maybe_recompile pc=0x000000010bb68b2c method=java.util.TimSort.mergeLo(IIII)V @ 212
Event: 1335.572 Thread 0x00007fcb520ba800 Uncommon trap: reason=array_check action=maybe_recompile pc=0x000000010d4d48ec method=java.util.TimSort.mergeLo(IIII)V @ 375
Event: 1338.100 Thread 0x00007fcb520ba800 Uncommon trap: reason=array_check action=maybe_recompile pc=0x000000010d4d48ec method=java.util.TimSort.mergeLo(IIII)V @ 375

Internal exceptions (10 events):
Event: 1333.628 Thread 0x00007fcb5fb4d800 Exception <a 'java/lang/ArrayIndexOutOfBoundsException'> (0x000000078b89a010) thrown at [/Users/java_re/workspace/8-2-build-macosx-x86_64/jdk8u141/9370/hotspot/src/share/vm/runtime/sharedRuntime.cpp, line 605]
Event: 1335.506 Thread 0x00007fcb5fb4d800 Exception <a 'java/lang/ArrayIndexOutOfBoundsException'> (0x000000078fbfcc08) thrown at [/Users/java_re/workspace/8-2-build-macosx-x86_64/jdk8u141/9370/hotspot/src/share/vm/runtime/sharedRuntime.cpp, line 605]
Event: 1335.569 Thread 0x00007fcb520ba800 Exception <a 'java/lang/ArrayIndexOutOfBoundsException'> (0x000000078fa311f0) thrown at [/Users/java_re/workspace/8-2-build-macosx-x86_64/jdk8u141/9370/hotspot/src/share/vm/runtime/sharedRuntime.cpp, line 605]
Event: 1336.830 Thread 0x00007fcb5fb4d800 Exception <a 'java/lang/ArrayIndexOutOfBoundsException'> (0x000000078f998a10) thrown at [/Users/java_re/workspace/8-2-build-macosx-x86_64/jdk8u141/9370/hotspot/src/share/vm/runtime/sharedRuntime.cpp, line 605]
Event: 1338.096 Thread 0x00007fcb520ba800 Exception <a 'java/lang/ArrayIndexOutOfBoundsException'> (0x000000078fdac6a8) thrown at [/Users/java_re/workspace/8-2-build-macosx-x86_64/jdk8u141/9370/hotspot/src/share/vm/runtime/sharedRuntime.cpp, line 605]
Event: 1338.460 Thread 0x00007fcb5fb4d800 Exception <a 'java/lang/ArrayIndexOutOfBoundsException'> (0x000000078fb04548) thrown at [/Users/java_re/workspace/8-2-build-macosx-x86_64/jdk8u141/9370/hotspot/src/share/vm/runtime/sharedRuntime.cpp, line 605]
Event: 1339.879 Thread 0x00007fcb5fb4d800 Exception <a 'java/lang/ArrayIndexOutOfBoundsException'> (0x000000078f96b860) thrown at [/Users/java_re/workspace/8-2-build-macosx-x86_64/jdk8u141/9370/hotspot/src/share/vm/runtime/sharedRuntime.cpp, line 605]
Event: 1339.885 Thread 0x00007fcb5fb4d800 Exception <a 'java/lang/ArrayIndexOutOfBoundsException'> (0x000000078f51ff48) thrown at [/Users/java_re/workspace/8-2-build-macosx-x86_64/jdk8u141/9370/hotspot/src/share/vm/runtime/sharedRuntime.cpp, line 605]
Event: 1339.886 Thread 0x00007fcb5fb4d800 Exception <a 'java/lang/ArrayIndexOutOfBoundsException'> (0x000000078f53dbd8) thrown at [/Users/java_re/workspace/8-2-build-macosx-x86_64/jdk8u141/9370/hotspot/src/share/vm/runtime/sharedRuntime.cpp, line 605]
Event: 1340.120 Thread 0x00007fcb520ba800 Exception <a 'java/lang/ArrayIndexOutOfBoundsException'> (0x000000078f5758e8) thrown at [/Users/java_re/workspace/8-2-build-macosx-x86_64/jdk8u141/9370/hotspot/src/share/vm/runtime/sharedRuntime.cpp, line 605]

Events (10 events):
Event: 1340.129 Executing VM operation: RevokeBias
Event: 1340.129 Executing VM operation: RevokeBias done
Event: 1340.129 Thread 0x00007fcb52457000 Thread exited: 0x00007fcb52457000
Event: 1340.130 Executing VM operation: RevokeBias
Event: 1340.130 Executing VM operation: RevokeBias done
Event: 1340.131 Thread 0x00007fcb52457000 Thread added: 0x00007fcb52457000
Event: 1340.131 Executing VM operation: RevokeBias
Event: 1340.131 Executing VM operation: RevokeBias done
Event: 1340.131 Thread 0x00007fcb52457000 Thread exited: 0x00007fcb52457000
Event: 1340.279 Executing VM operation: G1IncCollectionPause


Dynamic libraries:
0x0000000008cd0000 	/System/Library/Frameworks/Cocoa.framework/Versions/A/Cocoa
0x0000000008cd0000 	/usr/lib/libSystem.B.dylib
0x0000000008cd0000 	/System/Library/Frameworks/AppKit.framework/Versions/C/AppKit
0x0000000008cd0000 	/System/Library/Frameworks/ApplicationServices.framework/Versions/A/ApplicationServices
0x0000000008cd0000 	/System/Library/Frameworks/CoreFoundation.framework/Versions/A/CoreFoundation
0x0000000008cd0000 	/System/Library/Frameworks/CoreServices.framework/Versions/A/CoreServices
0x0000000008cd0000 	/System/Library/Frameworks/Foundation.framework/Versions/C/Foundation
0x0000000008cd0000 	/usr/lib/libobjc.A.dylib
0x0000000008cd0000 	/System/Library/Frameworks/CoreData.framework/Versions/A/CoreData
0x0000000008cd0000 	/System/Library/PrivateFrameworks/RemoteViewServices.framework/Versions/A/RemoteViewServices
0x0000000008cd0000 	/System/Library/PrivateFrameworks/UIFoundation.framework/Versions/A/UIFoundation
0x0000000008cd0000 	/usr/lib/libScreenReader.dylib
0x0000000008cd0000 	/System/Library/Frameworks/Accelerate.framework/Versions/A/Accelerate
0x0000000008cd0000 	/System/Library/Frameworks/IOSurface.framework/Versions/A/IOSurface
0x0000000008cd0000 	/System/Library/Frameworks/AudioToolbox.framework/Versions/A/AudioToolbox
0x0000000008cd0000 	/System/Library/Frameworks/AudioUnit.framework/Versions/A/AudioUnit
0x0000000008cd0000 	/System/Library/PrivateFrameworks/DataDetectorsCore.framework/Versions/A/DataDetectorsCore
0x0000000008cd0000 	/System/Library/PrivateFrameworks/DesktopServicesPriv.framework/Versions/A/DesktopServicesPriv
0x0000000008cd0000 	/System/Library/Frameworks/Carbon.framework/Versions/A/Frameworks/HIToolbox.framework/Versions/A/HIToolbox
0x0000000008cd0000 	/System/Library/Frameworks/QuartzCore.framework/Versions/A/QuartzCore
0x0000000008cd0000 	/System/Library/Frameworks/Security.framework/Versions/A/Security
0x0000000008cd0000 	/System/Library/Frameworks/Carbon.framework/Versions/A/Frameworks/SpeechRecognition.framework/Versions/A/SpeechRecognition
0x0000000008cd0000 	/usr/lib/libauto.dylib
0x0000000008cd0000 	/usr/lib/libicucore.A.dylib
0x0000000008cd0000 	/usr/lib/libxml2.2.dylib
0x0000000008cd0000 	/usr/lib/libz.1.dylib
0x0000000008cd0000 	/System/Library/PrivateFrameworks/CoreUI.framework/Versions/A/CoreUI
0x0000000008cd0000 	/System/Library/Frameworks/CoreAudio.framework/Versions/A/CoreAudio
0x0000000008cd0000 	/System/Library/Frameworks/DiskArbitration.framework/Versions/A/DiskArbitration
0x0000000008cd0000 	/usr/lib/liblangid.dylib
0x0000000008cd0000 	/System/Library/PrivateFrameworks/MultitouchSupport.framework/Versions/A/MultitouchSupport
0x0000000008cd0000 	/System/Library/Frameworks/IOKit.framework/Versions/A/IOKit
0x0000000008cd0000 	/usr/lib/libDiagnosticMessagesClient.dylib
0x0000000008cd0000 	/System/Library/PrivateFrameworks/PerformanceAnalysis.framework/Versions/A/PerformanceAnalysis
0x0000000008cd0000 	/System/Library/PrivateFrameworks/GenerationalStorage.framework/Versions/A/GenerationalStorage
0x0000000008cd0000 	/System/Library/Frameworks/OpenGL.framework/Versions/A/OpenGL
0x0000000008cd0000 	/System/Library/PrivateFrameworks/Sharing.framework/Versions/A/Sharing
0x0000000008cd0000 	/System/Library/Frameworks/CoreGraphics.framework/Versions/A/CoreGraphics
0x0000000008cd0000 	/System/Library/Frameworks/CoreImage.framework/Versions/A/CoreImage
0x0000000008cd0000 	/System/Library/Frameworks/CoreText.framework/Versions/A/CoreText
0x0000000008cd0000 	/System/Library/Frameworks/ImageIO.framework/Versions/A/ImageIO
0x0000000008cd0000 	/System/Library/PrivateFrameworks/Backup.framework/Versions/A/Backup
0x0000000008cd0000 	/usr/lib/libextension.dylib
0x0000000008cd0000 	/usr/lib/libarchive.2.dylib
0x0000000008cd0000 	/System/Library/Frameworks/CFNetwork.framework/Versions/A/CFNetwork
0x0000000008cd0000 	/System/Library/Frameworks/SystemConfiguration.framework/Versions/A/SystemConfiguration
0x0000000008cd0000 	/usr/lib/libCRFSuite.dylib
0x0000000008cd0000 	/usr/lib/libc++.1.dylib
0x0000000008cd0000 	/usr/lib/libc++abi.dylib
0x0000000008cd0000 	/usr/lib/system/libcache.dylib
0x0000000008cd0000 	/usr/lib/system/libcommonCrypto.dylib
0x0000000008cd0000 	/usr/lib/system/libcompiler_rt.dylib
0x0000000008cd0000 	/usr/lib/system/libcopyfile.dylib
0x0000000008cd0000 	/usr/lib/system/libcorecrypto.dylib
0x0000000008cd0000 	/usr/lib/system/libdispatch.dylib
0x0000000008cd0000 	/usr/lib/system/libdyld.dylib
0x0000000008cd0000 	/usr/lib/system/libkeymgr.dylib
0x0000000008cd0000 	/usr/lib/system/liblaunch.dylib
0x0000000008cd0000 	/usr/lib/system/libmacho.dylib
0x0000000008cd0000 	/usr/lib/system/libquarantine.dylib
0x0000000008cd0000 	/usr/lib/system/libremovefile.dylib
0x0000000008cd0000 	/usr/lib/system/libsystem_asl.dylib
0x0000000008cd0000 	/usr/lib/system/libsystem_blocks.dylib
0x0000000008cd0000 	/usr/lib/system/libsystem_c.dylib
0x0000000008cd0000 	/usr/lib/system/libsystem_configuration.dylib
0x0000000008cd0000 	/usr/lib/system/libsystem_coreservices.dylib
0x0000000008cd0000 	/usr/lib/system/libsystem_coretls.dylib
0x0000000008cd0000 	/usr/lib/system/libsystem_dnssd.dylib
0x0000000008cd0000 	/usr/lib/system/libsystem_info.dylib
0x0000000008cd0000 	/usr/lib/system/libsystem_kernel.dylib
0x0000000008cd0000 	/usr/lib/system/libsystem_m.dylib
0x0000000008cd0000 	/usr/lib/system/libsystem_malloc.dylib
0x0000000008cd0000 	/usr/lib/system/libsystem_network.dylib
0x0000000008cd0000 	/usr/lib/system/libsystem_networkextension.dylib
0x0000000008cd0000 	/usr/lib/system/libsystem_notify.dylib
0x0000000008cd0000 	/usr/lib/system/libsystem_platform.dylib
0x0000000008cd0000 	/usr/lib/system/libsystem_pthread.dylib
0x0000000008cd0000 	/usr/lib/system/libsystem_sandbox.dylib
0x0000000008cd0000 	/usr/lib/system/libsystem_secinit.dylib
0x0000000008cd0000 	/usr/lib/system/libsystem_trace.dylib
0x0000000008cd0000 	/usr/lib/system/libunc.dylib
0x0000000008cd0000 	/usr/lib/system/libunwind.dylib
0x0000000008cd0000 	/usr/lib/system/libxpc.dylib
0x0000000008cd0000 	/usr/lib/libenergytrace.dylib
0x0000000008cd0000 	/usr/lib/libbsm.0.dylib
0x0000000008cd0000 	/usr/lib/system/libkxld.dylib
0x0000000008cd0000 	/usr/lib/libxar.1.dylib
0x0000000008cd0000 	/usr/lib/libsqlite3.dylib
0x0000000008cd0000 	/usr/lib/libpam.2.dylib
0x0000000008cd0000 	/usr/lib/libOpenScriptingUtil.dylib
0x0000000008cd0000 	/usr/lib/libbz2.1.0.dylib
0x0000000008cd0000 	/usr/lib/liblzma.5.dylib
0x0000000008cd0000 	/System/Library/Frameworks/CoreServices.framework/Versions/A/Frameworks/FSEvents.framework/Versions/A/FSEvents
0x0000000008cd0000 	/System/Library/Frameworks/CoreServices.framework/Versions/A/Frameworks/CarbonCore.framework/Versions/A/CarbonCore
0x0000000008cd0000 	/System/Library/Frameworks/CoreServices.framework/Versions/A/Frameworks/Metadata.framework/Versions/A/Metadata
0x0000000008cd0000 	/System/Library/Frameworks/CoreServices.framework/Versions/A/Frameworks/OSServices.framework/Versions/A/OSServices
0x0000000008cd0000 	/System/Library/Frameworks/CoreServices.framework/Versions/A/Frameworks/SearchKit.framework/Versions/A/SearchKit
0x0000000008cd0000 	/System/Library/Frameworks/CoreServices.framework/Versions/A/Frameworks/AE.framework/Versions/A/AE
0x0000000008cd0000 	/System/Library/Frameworks/CoreServices.framework/Versions/A/Frameworks/LaunchServices.framework/Versions/A/LaunchServices
0x0000000008cd0000 	/System/Library/Frameworks/CoreServices.framework/Versions/A/Frameworks/DictionaryServices.framework/Versions/A/DictionaryServices
0x0000000008cd0000 	/System/Library/Frameworks/CoreServices.framework/Versions/A/Frameworks/SharedFileList.framework/Versions/A/SharedFileList
0x0000000008cd0000 	/System/Library/Frameworks/NetFS.framework/Versions/A/NetFS
0x0000000008cd0000 	/System/Library/PrivateFrameworks/NetAuth.framework/Versions/A/NetAuth
0x0000000008cd0000 	/System/Library/PrivateFrameworks/login.framework/Versions/A/Frameworks/loginsupport.framework/Versions/A/loginsupport
0x0000000008cd0000 	/System/Library/PrivateFrameworks/TCC.framework/Versions/A/TCC
0x0000000008cd0000 	/usr/lib/libmecabra.dylib
0x0000000008cd0000 	/System/Library/Frameworks/ApplicationServices.framework/Versions/A/Frameworks/ATS.framework/Versions/A/ATS
0x0000000008cd0000 	/System/Library/Frameworks/ApplicationServices.framework/Versions/A/Frameworks/ColorSync.framework/Versions/A/ColorSync
0x0000000008cd0000 	/System/Library/Frameworks/ApplicationServices.framework/Versions/A/Frameworks/HIServices.framework/Versions/A/HIServices
0x0000000008cd0000 	/System/Library/Frameworks/ApplicationServices.framework/Versions/A/Frameworks/LangAnalysis.framework/Versions/A/LangAnalysis
0x0000000008cd0000 	/System/Library/Frameworks/ApplicationServices.framework/Versions/A/Frameworks/PrintCore.framework/Versions/A/PrintCore
0x0000000008cd0000 	/System/Library/Frameworks/ApplicationServices.framework/Versions/A/Frameworks/QD.framework/Versions/A/QD
0x0000000008cd0000 	/System/Library/Frameworks/ApplicationServices.framework/Versions/A/Frameworks/SpeechSynthesis.framework/Versions/A/SpeechSynthesis
0x0000000008cd0000 	/System/Library/Frameworks/Metal.framework/Versions/A/Metal
0x0000000008cd0000 	/System/Library/Frameworks/Accelerate.framework/Versions/A/Frameworks/vImage.framework/Versions/A/vImage
0x0000000008cd0000 	/System/Library/Frameworks/Accelerate.framework/Versions/A/Frameworks/vecLib.framework/Versions/A/vecLib
0x0000000008cd0000 	/System/Library/Frameworks/Accelerate.framework/Versions/A/Frameworks/vecLib.framework/Versions/A/libvDSP.dylib
0x0000000008cd0000 	/System/Library/Frameworks/Accelerate.framework/Versions/A/Frameworks/vecLib.framework/Versions/A/libvMisc.dylib
0x0000000008cd0000 	/System/Library/Frameworks/Accelerate.framework/Versions/A/Frameworks/vecLib.framework/Versions/A/libLAPACK.dylib
0x0000000008cd0000 	/System/Library/Frameworks/Accelerate.framework/Versions/A/Frameworks/vecLib.framework/Versions/A/libBLAS.dylib
0x0000000008cd0000 	/System/Library/Frameworks/Accelerate.framework/Versions/A/Frameworks/vecLib.framework/Versions/A/libLinearAlgebra.dylib
0x0000000008cd0000 	/System/Library/Frameworks/Accelerate.framework/Versions/A/Frameworks/vecLib.framework/Versions/A/libSparseBLAS.dylib
0x0000000008cd0000 	/System/Library/PrivateFrameworks/GPUCompiler.framework/libmetal_timestamp.dylib
0x0000000008cd0000 	/System/Library/Frameworks/OpenGL.framework/Versions/A/Libraries/libCoreFSCache.dylib
0x0000000008cd0000 	/System/Library/PrivateFrameworks/IOAccelerator.framework/Versions/A/IOAccelerator
0x0000000008cd0000 	/System/Library/Frameworks/ApplicationServices.framework/Versions/A/Frameworks/ATS.framework/Versions/A/Resources/libFontParser.dylib
0x0000000008cd0000 	/System/Library/Frameworks/ApplicationServices.framework/Versions/A/Frameworks/ATS.framework/Versions/A/Resources/libFontRegistry.dylib
0x0000000008cd0000 	/System/Library/PrivateFrameworks/AppleVPA.framework/Versions/A/AppleVPA
0x0000000008cd0000 	/System/Library/PrivateFrameworks/AppleJPEG.framework/Versions/A/AppleJPEG
0x0000000008cd0000 	/System/Library/Frameworks/ImageIO.framework/Versions/A/Resources/libJPEG.dylib
0x0000000008cd0000 	/System/Library/Frameworks/ImageIO.framework/Versions/A/Resources/libTIFF.dylib
0x0000000008cd0000 	/System/Library/Frameworks/ImageIO.framework/Versions/A/Resources/libPng.dylib
0x0000000008cd0000 	/System/Library/Frameworks/ImageIO.framework/Versions/A/Resources/libGIF.dylib
0x0000000008cd0000 	/System/Library/Frameworks/ImageIO.framework/Versions/A/Resources/libJP2.dylib
0x0000000008cd0000 	/System/Library/Frameworks/ImageIO.framework/Versions/A/Resources/libRadiance.dylib
0x0000000008cd0000 	/System/Library/Frameworks/CoreVideo.framework/Versions/A/CoreVideo
0x0000000008cd0000 	/System/Library/Frameworks/OpenGL.framework/Versions/A/Libraries/libGLU.dylib
0x0000000008cd0000 	/System/Library/Frameworks/OpenGL.framework/Versions/A/Libraries/libGFXShared.dylib
0x0000000008cd0000 	/System/Library/Frameworks/OpenGL.framework/Versions/A/Libraries/libGL.dylib
0x0000000008cd0000 	/System/Library/Frameworks/OpenGL.framework/Versions/A/Libraries/libGLImage.dylib
0x0000000008cd0000 	/System/Library/Frameworks/OpenGL.framework/Versions/A/Libraries/libCVMSPluginSupport.dylib
0x0000000008cd0000 	/System/Library/Frameworks/OpenGL.framework/Versions/A/Libraries/libCoreVMClient.dylib
0x0000000008cd0000 	/usr/lib/libcompression.dylib
0x0000000008cd0000 	/usr/lib/libcups.2.dylib
0x0000000008cd0000 	/System/Library/Frameworks/Kerberos.framework/Versions/A/Kerberos
0x0000000008cd0000 	/System/Library/Frameworks/GSS.framework/Versions/A/GSS
0x0000000008cd0000 	/usr/lib/libresolv.9.dylib
0x0000000008cd0000 	/usr/lib/libiconv.2.dylib
0x0000000008cd0000 	/System/Library/PrivateFrameworks/Heimdal.framework/Versions/A/Heimdal
0x0000000008cd0000 	/usr/lib/libheimdal-asn1.dylib
0x0000000008cd0000 	/System/Library/Frameworks/OpenDirectory.framework/Versions/A/OpenDirectory
0x0000000008cd0000 	/System/Library/PrivateFrameworks/CommonAuth.framework/Versions/A/CommonAuth
0x0000000008cd0000 	/System/Library/Frameworks/OpenDirectory.framework/Versions/A/Frameworks/CFOpenDirectory.framework/Versions/A/CFOpenDirectory
0x0000000008cd0000 	/System/Library/Frameworks/SecurityFoundation.framework/Versions/A/SecurityFoundation
0x0000000008cd0000 	/System/Library/PrivateFrameworks/LanguageModeling.framework/Versions/A/LanguageModeling
0x0000000008cd0000 	/usr/lib/libmarisa.dylib
0x0000000008cd0000 	/usr/lib/libChineseTokenizer.dylib
0x0000000008cd0000 	/usr/lib/libcmph.dylib
0x0000000008cd0000 	/System/Library/Frameworks/ServiceManagement.framework/Versions/A/ServiceManagement
0x0000000008cd0000 	/usr/lib/libxslt.1.dylib
0x0000000008cd0000 	/System/Library/Frameworks/Carbon.framework/Versions/A/Frameworks/Ink.framework/Versions/A/Ink
0x0000000008cd0000 	/usr/lib/libFosl_dynamic.dylib
0x0000000008cd0000 	/System/Library/PrivateFrameworks/FaceCore.framework/Versions/A/FaceCore
0x0000000008cd0000 	/System/Library/Frameworks/OpenCL.framework/Versions/A/OpenCL
0x0000000008cd0000 	/System/Library/PrivateFrameworks/CrashReporterSupport.framework/Versions/A/CrashReporterSupport
0x0000000008cd0000 	/System/Library/PrivateFrameworks/IconServices.framework/Versions/A/IconServices
0x0000000008cd0000 	/System/Library/PrivateFrameworks/Apple80211.framework/Versions/A/Apple80211
0x0000000008cd0000 	/System/Library/Frameworks/CoreWLAN.framework/Versions/A/CoreWLAN
0x0000000008cd0000 	/System/Library/Frameworks/IOBluetooth.framework/Versions/A/IOBluetooth
0x0000000008cd0000 	/System/Library/PrivateFrameworks/CoreWiFi.framework/Versions/A/CoreWiFi
0x0000000008cd0000 	/System/Library/Frameworks/CoreBluetooth.framework/Versions/A/CoreBluetooth
0x0000000008cd0000 	/System/Library/PrivateFrameworks/ChunkingLibrary.framework/Versions/A/ChunkingLibrary
0x0000000008cd0000 	/System/Library/PrivateFrameworks/DebugSymbols.framework/Versions/A/DebugSymbols
0x0000000008cd0000 	/System/Library/PrivateFrameworks/CoreSymbolication.framework/Versions/A/CoreSymbolication
0x0000000008cd0000 	/System/Library/PrivateFrameworks/Symbolication.framework/Versions/A/Symbolication
0x0000000008cd0000 	/System/Library/PrivateFrameworks/SpeechRecognitionCore.framework/Versions/A/SpeechRecognitionCore
0x00000001050d3000 	/Users/Shubhashree11/Desktop/EclipseNew/Eclipse/Eclipse.app/Contents/Eclipse/plugins/org.eclipse.equinox.launcher.cocoa.macosx.x86_64_1.1.550.v20170928-1359/eclipse_1629.so
0x0000000008cd0000 	/System/Library/PrivateFrameworks/CoreServicesInternal.framework/Versions/A/CoreServicesInternal
0x0000000105130000 	/Library/Java/JavaVirtualMachines/jdk1.8.0_141.jdk/Contents/MacOS/libjli.dylib
0x0000000108958000 	/Library/Java/JavaVirtualMachines/jdk1.8.0_141.jdk/Contents/Home/jre//lib/server/libjvm.dylib
0x0000000008cd0000 	/usr/lib/libstdc++.6.dylib
0x0000000105140000 	/Library/Java/JavaVirtualMachines/jdk1.8.0_141.jdk/Contents/Home/jre/lib/libverify.dylib
0x000000010514e000 	/Library/Java/JavaVirtualMachines/jdk1.8.0_141.jdk/Contents/Home/jre/lib/libjava.dylib
0x000000010518c000 	/Library/Java/JavaVirtualMachines/jdk1.8.0_141.jdk/Contents/Home/jre/lib/libzip.dylib
0x000000011f1c7000 	/System/Library/Frameworks/JavaVM.framework/Frameworks/JavaRuntimeSupport.framework/JavaRuntimeSupport
0x000000011f1e2000 	/System/Library/Frameworks/JavaVM.framework/Versions/A/Frameworks/JavaNativeFoundation.framework/Versions/A/JavaNativeFoundation
0x000000011f1f7000 	/System/Library/Frameworks/JavaVM.framework/Versions/A/JavaVM
0x0000000008cd0000 	/System/Library/Frameworks/Carbon.framework/Versions/A/Carbon
0x000000011f204000 	/System/Library/PrivateFrameworks/JavaLaunching.framework/Versions/A/JavaLaunching
0x0000000008cd0000 	/System/Library/Frameworks/Carbon.framework/Versions/A/Frameworks/CommonPanels.framework/Versions/A/CommonPanels
0x0000000008cd0000 	/System/Library/Frameworks/Carbon.framework/Versions/A/Frameworks/Help.framework/Versions/A/Help
0x0000000008cd0000 	/System/Library/Frameworks/Carbon.framework/Versions/A/Frameworks/ImageCapture.framework/Versions/A/ImageCapture
0x0000000008cd0000 	/System/Library/Frameworks/Carbon.framework/Versions/A/Frameworks/OpenScripting.framework/Versions/A/OpenScripting
0x0000000008cd0000 	/System/Library/Frameworks/Carbon.framework/Versions/A/Frameworks/Print.framework/Versions/A/Print
0x0000000008cd0000 	/System/Library/Frameworks/Carbon.framework/Versions/A/Frameworks/SecurityHI.framework/Versions/A/SecurityHI
0x0000000008cd0000 	/System/Library/CoreServices/RawCamera.bundle/Contents/MacOS/RawCamera
0x0000000008cd0000 	/System/Library/Frameworks/CoreGraphics.framework/Versions/A/Resources/libRIP.A.dylib
0x0000000008cd0000 	/System/Library/Frameworks/Accelerate.framework/Versions/A/Frameworks/vImage.framework/Versions/A/Libraries/libCGInterfaces.dylib
0x0000000008cd0000 	/System/Library/Frameworks/CoreGraphics.framework/Versions/A/Resources/libCGXType.A.dylib
0x0000000008cd0000 	/System/Library/Frameworks/OpenCL.framework/Versions/A/Libraries/libcldcpuengine.dylib
0x0000000008cd0000 	/System/Library/PrivateFrameworks/DiskImages.framework/Versions/A/DiskImages
0x0000000008cd0000 	/System/Library/Frameworks/DiscRecording.framework/Versions/A/DiscRecording
0x0000000008cd0000 	/usr/lib/libcsfde.dylib
0x0000000008cd0000 	/usr/lib/libcurl.4.dylib
0x0000000008cd0000 	/System/Library/PrivateFrameworks/MediaKit.framework/Versions/A/MediaKit
0x0000000008cd0000 	/System/Library/PrivateFrameworks/ProtectedCloudStorage.framework/Versions/A/ProtectedCloudStorage
0x0000000008cd0000 	/usr/lib/libCoreStorage.dylib
0x0000000008cd0000 	/System/Library/PrivateFrameworks/EFILogin.framework/Versions/A/EFILogin
0x0000000008cd0000 	/usr/lib/libutil.dylib
0x0000000008cd0000 	/System/Library/PrivateFrameworks/FindMyDevice.framework/Versions/A/FindMyDevice
0x0000000008cd0000 	/System/Library/Frameworks/LDAP.framework/Versions/A/LDAP
0x0000000008cd0000 	/usr/lib/libsasl2.2.dylib
0x0000000008cd0000 	/System/Library/PrivateFrameworks/CoreDaemon.framework/Versions/B/CoreDaemon
0x0000000008cd0000 	/usr/lib/libcrypto.0.9.8.dylib
0x0000000008cd0000 	/System/Library/PrivateFrameworks/AppleSRP.framework/Versions/A/AppleSRP
0x0000000008cd0000 	/System/Library/PrivateFrameworks/TrustEvaluationAgent.framework/Versions/A/TrustEvaluationAgent
0x0000000121a0f000 	cl_kernels
0x0000000008cd0000 	/System/Library/Frameworks/OpenCL.framework/Versions/A/Libraries/ImageFormats/unorm8_bgra.dylib
0x0000000008cd0000 	/System/Library/Frameworks/OpenCL.framework/Versions/A/Libraries/ImageFormats/unorm8_rgba.dylib
0x0000000121e03000 	/Library/Java/JavaVirtualMachines/jdk1.8.0_141.jdk/Contents/Home/jre/lib/libnet.dylib
0x0000000121e1a000 	/Library/Java/JavaVirtualMachines/jdk1.8.0_141.jdk/Contents/Home/jre/lib/libnio.dylib
0x000000012286c000 	/Users/Shubhashree11/Desktop/EclipseNew/Eclipse/Eclipse.app/Contents/Eclipse/configuration/org.eclipse.osgi/784/0/.cp/libswt-cocoa-4758.jnilib
0x0000000008cd0000 	/System/Library/Frameworks/WebKit.framework/Versions/A/WebKit
0x0000000008cd0000 	/System/Library/Frameworks/JavaScriptCore.framework/Versions/A/JavaScriptCore
0x0000000008cd0000 	/System/Library/Frameworks/SecurityInterface.framework/Versions/A/SecurityInterface
0x0000000008cd0000 	/System/Library/Frameworks/WebKit.framework/Versions/A/Frameworks/WebKitLegacy.framework/Versions/A/WebKitLegacy
0x0000000008cd0000 	/System/Library/Frameworks/WebKit.framework/Versions/A/Frameworks/WebCore.framework/Versions/A/WebCore
0x00000001228c1000 	/Users/Shubhashree11/Desktop/EclipseNew/Eclipse/Eclipse.app/Contents/Eclipse/configuration/org.eclipse.osgi/784/0/.cp/libswt-pi-cocoa-4758.jnilib
0x00000001236fb000 	/System/Library/Extensions/AMDMTLBronzeDriver.bundle/Contents/MacOS/AMDMTLBronzeDriver
0x0000000008cd0000 	/System/Library/PrivateFrameworks/IOAccelMemoryInfo.framework/Versions/A/IOAccelMemoryInfo
0x0000000122918000 	/System/Library/Extensions/AppleIntelHD5000GraphicsMTLDriver.bundle/Contents/MacOS/AppleIntelHD5000GraphicsMTLDriver
0x0000000008cd0000 	/System/Library/PrivateFrameworks/CloudDocs.framework/Versions/A/CloudDocs
0x0000000008cd0000 	/System/Library/PrivateFrameworks/CoreDuet.framework/Versions/A/CoreDuet
0x0000000008cd0000 	/System/Library/Frameworks/CloudKit.framework/Versions/A/CloudKit
0x0000000008cd0000 	/System/Library/PrivateFrameworks/ProtocolBuffer.framework/Versions/A/ProtocolBuffer
0x0000000008cd0000 	/System/Library/PrivateFrameworks/CoreDuetDaemonProtocol.framework/Versions/A/CoreDuetDaemonProtocol
0x0000000008cd0000 	/System/Library/PrivateFrameworks/CoreDuetDebugLogging.framework/Versions/A/CoreDuetDebugLogging
0x0000000008cd0000 	/System/Library/PrivateFrameworks/MMCS.framework/Versions/A/MMCS
0x0000000008cd0000 	/System/Library/Frameworks/CoreLocation.framework/Versions/A/CoreLocation
0x0000000008cd0000 	/System/Library/PrivateFrameworks/AssetCacheServices.framework/Versions/A/AssetCacheServices
0x0000000008cd0000 	/System/Library/PrivateFrameworks/GeoServices.framework/Versions/A/GeoServices
0x0000000121dfa000 	/Users/Shubhashree11/Desktop/EclipseNew/Eclipse/Eclipse.app/Contents/Eclipse/configuration/org.eclipse.osgi/119/0/.cp/os/macosx/libunixfile_1_0_0.jnilib
0x0000000121896000 	/Library/Java/JavaVirtualMachines/jdk1.8.0_141.jdk/Contents/Home/jre/lib/libsunec.dylib
0x0000000008cd0000 	/System/Library/Frameworks/CoreGraphics.framework/Versions/A/Resources/libCGXCoreImage.A.dylib
0x000000011f576000 	cl_kernels
0x000000011f58d000 	cl_kernels
0x000000012163f000 	/Library/Java/JavaVirtualMachines/jdk1.8.0_141.jdk/Contents/Home/jre/lib/libmanagement.dylib
0x0000000008cd0000 	/System/Library/Frameworks/OpenGL.framework/Versions/A/Resources/GLEngine.bundle/GLEngine
0x0000000008cd0000 	/System/Library/Frameworks/OpenGL.framework/Versions/A/Libraries/libGLProgrammability.dylib
0x000000012e619000 	/System/Library/Extensions/AppleIntelHD5000GraphicsGLDriver.bundle/Contents/MacOS/AppleIntelHD5000GraphicsGLDriver
0x0000000008cd0000 	/System/Library/PrivateFrameworks/GPUSupport.framework/Versions/A/Libraries/libGPUSupportMercury.dylib
0x0000000126274000 	/System/Library/Extensions/AMDRadeonX4000GLDriver.bundle/Contents/MacOS/AMDRadeonX4000GLDriver
0x000000012ed68000 	/System/Library/Extensions/AMDRadeonX4000GLDriver.bundle/Contents/MacOS/ATIRadeonX4000SCLib.dylib
0x0000000008cd0000 	/System/Library/Frameworks/OpenGL.framework/Versions/A/Resources/GLRendererFloat.bundle/GLRendererFloat
0x0000000008cd0000 	/System/Library/PrivateFrameworks/Shortcut.framework/Versions/A/Shortcut
0x0000000008cd0000 	/System/Library/PrivateFrameworks/HelpData.framework/Versions/A/HelpData
0x0000000008cd0000 	/usr/lib/libtidy.A.dylib
0x0000000008cd0000 	/System/Library/PrivateFrameworks/DataDetectors.framework/Versions/A/DataDetectors
0x0000000008cd0000 	/System/Library/Frameworks/AddressBook.framework/Versions/A/AddressBook
0x0000000008cd0000 	/System/Library/Frameworks/Quartz.framework/Versions/A/Quartz
0x0000000008cd0000 	/System/Library/PrivateFrameworks/ContactsPersistence.framework/Versions/A/ContactsPersistence
0x0000000008cd0000 	/System/Library/PrivateFrameworks/ContactsFoundation.framework/Versions/A/ContactsFoundation
0x0000000008cd0000 	/System/Library/PrivateFrameworks/vCard.framework/Versions/A/vCard
0x0000000008cd0000 	/System/Library/PrivateFrameworks/IntlPreferences.framework/Versions/A/IntlPreferences
0x0000000008cd0000 	/System/Library/PrivateFrameworks/ToneLibrary.framework/Versions/A/ToneLibrary
0x0000000008cd0000 	/System/Library/PrivateFrameworks/ToneKit.framework/Versions/A/ToneKit
0x0000000008cd0000 	/System/Library/PrivateFrameworks/ApplePushService.framework/Versions/A/ApplePushService
0x0000000008cd0000 	/System/Library/Frameworks/DirectoryService.framework/Versions/A/DirectoryService
0x0000000008cd0000 	/System/Library/PrivateFrameworks/PhoneNumbers.framework/Versions/A/PhoneNumbers
0x0000000008cd0000 	/System/Library/PrivateFrameworks/ViewBridge.framework/Versions/A/ViewBridge
0x0000000008cd0000 	/System/Library/Frameworks/AVFoundation.framework/Versions/A/AVFoundation
0x0000000008cd0000 	/System/Library/Frameworks/AVFoundation.framework/Versions/A/Resources/libAVFAudio.dylib
0x0000000008cd0000 	/System/Library/Frameworks/CoreMedia.framework/Versions/A/CoreMedia
0x0000000008cd0000 	/System/Library/Frameworks/MediaToolbox.framework/Versions/A/MediaToolbox
0x0000000008cd0000 	/System/Library/Frameworks/VideoToolbox.framework/Versions/A/VideoToolbox
0x0000000008cd0000 	/System/Library/Frameworks/CoreMediaIO.framework/Versions/A/CoreMediaIO
0x0000000008cd0000 	/usr/lib/libspindump.dylib
0x0000000008cd0000 	/System/Library/PrivateFrameworks/CoreAVCHD.framework/Versions/A/CoreAVCHD
0x0000000008cd0000 	/System/Library/Frameworks/MediaAccessibility.framework/Versions/A/MediaAccessibility
0x0000000008cd0000 	/System/Library/PrivateFrameworks/Mangrove.framework/Versions/A/Mangrove
0x0000000008cd0000 	/System/Library/PrivateFrameworks/CoreAUC.framework/Versions/A/CoreAUC
0x0000000008cd0000 	/System/Library/PrivateFrameworks/AppleVA.framework/Versions/A/AppleVA
0x0000000008cd0000 	/System/Library/PrivateFrameworks/XPCService.framework/Versions/A/XPCService
0x0000000008cd0000 	/System/Library/PrivateFrameworks/AppSandbox.framework/Versions/A/AppSandbox
0x0000000008cd0000 	/usr/lib/libsandbox.1.dylib
0x0000000008cd0000 	/System/Library/PrivateFrameworks/AppContainer.framework/Versions/A/AppContainer
0x0000000008cd0000 	/System/Library/PrivateFrameworks/SecCodeWrapper.framework/Versions/A/SecCodeWrapper
0x0000000008cd0000 	/usr/lib/libMatch.1.dylib
0x0000000008cd0000 	/System/Library/Frameworks/Quartz.framework/Versions/A/Frameworks/QuartzComposer.framework/Versions/A/QuartzComposer
0x0000000008cd0000 	/System/Library/Frameworks/Quartz.framework/Versions/A/Frameworks/PDFKit.framework/Versions/A/PDFKit
0x0000000008cd0000 	/System/Library/Frameworks/Quartz.framework/Versions/A/Frameworks/QuartzFilters.framework/Versions/A/QuartzFilters
0x0000000008cd0000 	/System/Library/Frameworks/Quartz.framework/Versions/A/Frameworks/ImageKit.framework/Versions/A/ImageKit
0x0000000008cd0000 	/System/Library/Frameworks/Quartz.framework/Versions/A/Frameworks/QuickLookUI.framework/Versions/A/QuickLookUI
0x0000000008cd0000 	/System/Library/Frameworks/QTKit.framework/Versions/A/QTKit
0x0000000008cd0000 	/System/Library/PrivateFrameworks/AppleSystemInfo.framework/Versions/A/AppleSystemInfo
0x0000000008cd0000 	/System/Library/PrivateFrameworks/CoreMediaAuthoring.framework/Versions/A/CoreMediaAuthoring
0x0000000008cd0000 	/System/Library/PrivateFrameworks/CorePDF.framework/Versions/A/CorePDF
0x0000000008cd0000 	/System/Library/Frameworks/QuickLook.framework/Versions/A/QuickLook
0x0000000008cd0000 	/System/Library/PrivateFrameworks/DisplayServices.framework/Versions/A/DisplayServices
0x0000000008cd0000 	/System/Library/Frameworks/ImageCaptureCore.framework/Versions/A/ImageCaptureCore
0x0000000008cd0000 	/System/Library/PrivateFrameworks/SafariServices.framework/Versions/A/SafariServices
0x0000000121742000 	/usr/lib/libgermantok.dylib
0x00000001332f2000 	/System/Library/PrivateFrameworks/WebContentAnalysis.framework/WebContentAnalysis
0x0000000008cd0000 	/System/Library/Frameworks/LatentSemanticMapping.framework/Versions/A/LatentSemanticMapping
0x0000000008cd0000 	/System/Library/PrivateFrameworks/SystemAdministration.framework/Versions/A/SystemAdministration
0x0000000008cd0000 	/System/Library/PrivateFrameworks/LoginUIKit.framework/Versions/A/Frameworks/LoginUICore.framework/Versions/A/LoginUICore
0x0000000008cd0000 	/usr/lib/libodfde.dylib
0x0000000008cd0000 	/System/Library/Frameworks/NetworkExtension.framework/Versions/A/NetworkExtension
0x0000000008cd0000 	/System/Library/PrivateFrameworks/Network.framework/Versions/A/Network
0x0000000008cd0000 	/System/Library/PrivateFrameworks/EAP8021X.framework/Versions/A/EAP8021X
0x0000000008cd0000 	/usr/lib/libnetwork.dylib

VM Arguments:
jvm_args: -Dosgi.requiredJavaVersion=1.8 -Dosgi.instance.area.default=@user.home/eclipse-workspace -XX:+UseG1GC -XX:+UseStringDeduplication -XstartOnFirstThread -Dorg.eclipse.swt.internal.carbon.smallFonts -Dosgi.requiredJavaVersion=1.8 -Xms256m -Xmx1024m -Xdock:icon=../Resources/Eclipse.icns -XstartOnFirstThread -Dorg.eclipse.swt.internal.carbon.smallFonts 
java_command: <unknown>
java_class_path (initial): /Users/Shubhashree11/Desktop/EclipseNew/Eclipse/Eclipse.app/Contents/MacOS//../Eclipse/plugins/org.eclipse.equinox.launcher_1.4.0.v20161219-1356.jar
Launcher Type: generic

Environment Variables:
PATH=/usr/bin:/bin:/usr/sbin:/sbin
SHELL=/bin/zsh

Signal Handlers:
SIGSEGV: [libjvm.dylib+0x5b26e5], sa_mask[0]=11111111011111110111111111111111, sa_flags=SA_ONSTACK|SA_RESTART|SA_SIGINFO
SIGBUS: [libjvm.dylib+0x5b26e5], sa_mask[0]=11111111011111110111111111111111, sa_flags=SA_RESTART|SA_SIGINFO
SIGFPE: [libjvm.dylib+0x489100], sa_mask[0]=11111111011111110111111111111111, sa_flags=SA_RESTART|SA_SIGINFO
SIGPIPE: [libjvm.dylib+0x489100], sa_mask[0]=11111111011111110111111111111111, sa_flags=SA_RESTART|SA_SIGINFO
SIGXFSZ: [libjvm.dylib+0x489100], sa_mask[0]=11111111011111110111111111111111, sa_flags=SA_RESTART|SA_SIGINFO
SIGILL: [libjvm.dylib+0x489100], sa_mask[0]=11111111011111110111111111111111, sa_flags=SA_RESTART|SA_SIGINFO
SIGUSR1: SIG_DFL, sa_mask[0]=00000000000000000000000000000000, sa_flags=none
SIGUSR2: [libjvm.dylib+0x488c1e], sa_mask[0]=00000000000000000000000000000000, sa_flags=SA_RESTART|SA_SIGINFO
SIGHUP: [libjvm.dylib+0x4871f5], sa_mask[0]=11111111011111110111111111111111, sa_flags=SA_RESTART|SA_SIGINFO
SIGINT: [libjvm.dylib+0x4871f5], sa_mask[0]=11111111011111110111111111111111, sa_flags=SA_RESTART|SA_SIGINFO
SIGTERM: [libjvm.dylib+0x4871f5], sa_mask[0]=11111111011111110111111111111111, sa_flags=SA_RESTART|SA_SIGINFO
SIGQUIT: [libjvm.dylib+0x4871f5], sa_mask[0]=11111111011111110111111111111111, sa_flags=SA_RESTART|SA_SIGINFO


---------------  S Y S T E M  ---------------

OS:Bsduname:Darwin 15.6.0 Darwin Kernel Version 15.6.0: Tue Apr 11 16:00:51 PDT 2017; root:xnu-3248.60.11.5.3~1/RELEASE_X86_64 x86_64
rlimit: STACK 8192k, CORE 0k, NPROC 709, NOFILE 10240, AS infinity
load average:2.39 2.47 2.25

CPU:total 8 (initial active 8) (4 cores per cpu, 2 threads per core) family 6 model 70 stepping 1, cmov, cx8, fxsr, mmx, sse, sse2, sse3, ssse3, sse4.1, sse4.2, popcnt, avx, avx2, aes, clmul, erms, lzcnt, ht, tsc, tscinvbit, bmi1, bmi2

Memory: 4k page, physical 16777216k(2571840k free)

/proc/meminfo:


vm_info: Java HotSpot(TM) 64-Bit Server VM (25.141-b15) for bsd-amd64 JRE (1.8.0_141-b15), built on Jul 12 2017 04:35:23 by "java_re" with gcc 4.2.1 (Based on Apple Inc. build 5658) (LLVM build 2336.11.00)

time: Fri Nov 17 09:23:58 2017
elapsed time: 1340 seconds (0d 0h 22m 20s)

